Mode,ICU,Time,AUC,Var,Feature_1,Feature_2,Feature_3,Feature_4,Feature_5,Feature_6RAW,1,1,0.659865,0.000864,ACCELERATION,AVG_SPEED,AVG_ACCELERATION,SPEED,DC0,DC1
RAW,1,2,0.610525,0.003865,AVG_ACCELERATION,ACCELERATION,AVG_SPEED,SPEED,DC1,DC0
RAW,1,3,0.655887,0.000280,AVG_ACCELERATION,SPEED,AVG_SPEED,DC0,ACCELERATION,DC1
RAW,1,4,0.625305,0.001079,AVG_ACCELERATION,ACCELERATION,SPEED,DC0,DC1,AVG_SPEED
RAW,1,5,0.649240,0.001084,AVG_ACCELERATION,SPEED,AVG_SPEED,ACCELERATION,DC0,DC1
RAW,1,6,0.642410,0.000304,AVG_ACCELERATION,SPEED,AVG_SPEED,DC0,ACCELERATION,DC1
RAW,1,7,0.608467,0.001537,AVG_ACCELERATION,SPEED,AVG_SPEED,DC0,ACCELERATION,DC1
RAW,1,8,0.575817,0.003165,AVG_ACCELERATION,SPEED,AVG_SPEED,ACCELERATION,DC1,DC0
RAW,1,9,0.623485,0.000929,AVG_ACCELERATION,SPEED,AVG_SPEED,DC1,ACCELERATION,DC0
RAW,1,10,0.640366,0.002045,AVG_ACCELERATION,SPEED,AVG_SPEED,ACCELERATION,DC1,DC0
RAW,1,11,0.673489,0.001756,AVG_ACCELERATION,ACCELERATION,DC0,SPEED,AVG_SPEED,DC1
RAW,1,12,0.640683,0.002504,AVG_ACCELERATION,AVG_SPEED,ACCELERATION,SPEED,DC0,DC1
RAW,1,13,0.651561,0.002747,AVG_ACCELERATION,ACCELERATION,SPEED,DC1,DC0,AVG_SPEED
RAW,1,14,0.626374,0.002483,AVG_ACCELERATION,ACCELERATION,AVG_SPEED,SPEED,DC1,DC0
RAW,1,15,0.624408,0.006978,AVG_ACCELERATION,ACCELERATION,DC1,AVG_SPEED,DC0,SPEED
RAW,1,16,0.685891,0.001465,AVG_ACCELERATION,DC0,DC1,SPEED,AVG_SPEED,ACCELERATION
RAW,1,17,0.628047,0.002155,AVG_ACCELERATION,SPEED,DC1,AVG_SPEED,DC0,ACCELERATION
RAW,1,18,0.663116,0.001308,AVG_ACCELERATION,SPEED,DC0,AVG_SPEED,DC1,ACCELERATION
RAW,1,19,0.676993,0.002953,AVG_ACCELERATION,ACCELERATION,DC1,SPEED,DC0,AVG_SPEED
RAW,1,20,0.670273,0.001475,AVG_ACCELERATION,SPEED,DC0,DC1,AVG_SPEED,ACCELERATION
RAW,1,21,0.627744,0.002484,AVG_ACCELERATION,SPEED,ACCELERATION,DC0,AVG_SPEED,DC1
RAW,1,22,0.632107,0.002208,AVG_ACCELERATION,ACCELERATION,DC0,SPEED,DC1,AVG_SPEED
RAW,1,23,0.638493,0.002123,AVG_ACCELERATION,DC0,SPEED,AVG_SPEED,ACCELERATION,DC1
RAW,1,24,0.649330,0.001237,AVG_ACCELERATION,SPEED,AVG_SPEED,DC0,DC1,ACCELERATION
RAW,1,25,0.628383,0.002125,AVG_ACCELERATION,ACCELERATION,DC0,SPEED,AVG_SPEED,DC1
RAW,1,26,0.655732,0.002865,AVG_ACCELERATION,ACCELERATION,DC0,SPEED,DC1,AVG_SPEED
RAW,1,27,0.649151,0.002344,AVG_ACCELERATION,DC0,ACCELERATION,AVG_SPEED,DC1,SPEED
RAW,1,28,0.632477,0.002073,AVG_ACCELERATION,ACCELERATION,SPEED,AVG_SPEED,DC0,DC1
RAW,1,29,0.636739,0.002677,AVG_ACCELERATION,ACCELERATION,DC0,SPEED,AVG_SPEED,DC1
RAW,1,30,0.607782,0.004594,AVG_ACCELERATION,AVG_SPEED,ACCELERATION,DC1,DC0,SPEED
RAW,1,31,0.639142,0.002563,AVG_ACCELERATION,DC0,AVG_SPEED,DC1,SPEED,ACCELERATION
RAW,1,32,0.635744,0.004448,AVG_ACCELERATION,SPEED,ACCELERATION,AVG_SPEED,DC0,DC1
RAW,1,33,0.661288,0.003144,AVG_ACCELERATION,ACCELERATION,DC0,SPEED,DC1,AVG_SPEED
RAW,1,34,0.655928,0.003779,AVG_ACCELERATION,SPEED,ACCELERATION,AVG_SPEED,DC1,DC0
RAW,1,35,0.659971,0.003374,AVG_ACCELERATION,DC0,DC1,AVG_SPEED,ACCELERATION,SPEED
RAW,1,36,0.664094,0.003152,AVG_ACCELERATION,SPEED,AVG_SPEED,DC1,DC0,ACCELERATION
RAW,1,37,0.683319,0.002292,AVG_ACCELERATION,AVG_SPEED,DC0,ACCELERATION,SPEED,DC1
RAW,1,38,0.646836,0.002110,AVG_ACCELERATION,ACCELERATION,AVG_SPEED,DC0,SPEED,DC1
RAW,1,39,0.643193,0.001274,AVG_ACCELERATION,ACCELERATION,AVG_SPEED,SPEED,DC1,DC0
RAW,1,40,0.654860,0.001755,AVG_ACCELERATION,SPEED,AVG_SPEED,DC0,DC1,ACCELERATION
RAW,1,41,0.657699,0.003036,AVG_ACCELERATION,SPEED,AVG_SPEED,ACCELERATION,DC0,DC1
RAW,1,42,0.622473,0.000982,AVG_ACCELERATION,ACCELERATION,SPEED,DC1,AVG_SPEED,DC0
RAW,1,43,0.674374,0.007096,AVG_ACCELERATION,ACCELERATION,SPEED,DC1,AVG_SPEED,DC0
RAW,1,44,0.666140,0.000942,AVG_ACCELERATION,AVG_SPEED,SPEED,ACCELERATION,DC1,DC0
RAW,1,45,0.658686,0.004641,AVG_ACCELERATION,ACCELERATION,SPEED,DC1,DC0,AVG_SPEED
RAW,1,46,0.660482,0.002176,AVG_ACCELERATION,SPEED,DC0,ACCELERATION,DC1,AVG_SPEED
RAW,1,47,0.654607,0.010463,AVG_ACCELERATION,DC0,DC1,SPEED,ACCELERATION,AVG_SPEED
RAW,2,1,0.476156,0.000797,ACCELERATION,AVG_SPEED,AVG_ACCELERATION,DC0,SPEED,DC1
RAW,2,2,0.547573,0.007639,AVG_ACCELERATION,SPEED,ACCELERATION,AVG_SPEED,DC0,DC1
RAW,2,3,0.631729,0.003763,AVG_ACCELERATION,ACCELERATION,SPEED,DC0,DC1,AVG_SPEED
RAW,2,4,0.649379,0.008027,AVG_ACCELERATION,ACCELERATION,DC1,AVG_SPEED,SPEED,DC0
RAW,2,5,0.709459,0.007141,AVG_ACCELERATION,AVG_SPEED,DC1,ACCELERATION,SPEED,DC0
RAW,2,6,0.718337,0.015252,AVG_ACCELERATION,ACCELERATION,AVG_SPEED,SPEED,DC1,DC0
RAW,2,7,0.728814,0.002730,AVG_ACCELERATION,SPEED,DC1,ACCELERATION,AVG_SPEED,DC0
RAW,2,8,0.690496,0.006205,AVG_ACCELERATION,SPEED,ACCELERATION,DC1,AVG_SPEED,DC0
RAW,2,9,0.715760,0.004510,AVG_ACCELERATION,SPEED,AVG_SPEED,DC1,ACCELERATION,DC0
RAW,2,10,0.741401,0.005968,AVG_ACCELERATION,ACCELERATION,SPEED,AVG_SPEED,DC1,DC0
RAW,2,11,0.744411,0.006339,AVG_ACCELERATION,DC1,SPEED,ACCELERATION,AVG_SPEED,DC0
RAW,2,12,0.711104,0.001253,AVG_ACCELERATION,SPEED,AVG_SPEED,DC0,DC1,ACCELERATION
RAW,2,13,0.719128,0.006589,AVG_ACCELERATION,ACCELERATION,AVG_SPEED,DC0,DC1,SPEED
RAW,2,14,0.709408,0.007471,AVG_ACCELERATION,ACCELERATION,DC0,SPEED,AVG_SPEED,DC1
RAW,2,15,0.649309,0.002823,AVG_ACCELERATION,SPEED,AVG_SPEED,ACCELERATION,DC1,DC0
RAW,2,16,0.614446,0.008750,AVG_ACCELERATION,AVG_SPEED,ACCELERATION,DC1,SPEED,DC0
RAW,2,17,0.586706,0.003222,AVG_ACCELERATION,DC1,SPEED,ACCELERATION,AVG_SPEED,DC0
RAW,2,18,0.670296,0.002890,AVG_ACCELERATION,SPEED,DC1,AVG_SPEED,ACCELERATION,DC0
RAW,2,19,0.654006,0.006307,AVG_ACCELERATION,AVG_SPEED,ACCELERATION,DC1,SPEED,DC0
RAW,2,20,0.645248,0.007869,AVG_ACCELERATION,ACCELERATION,SPEED,AVG_SPEED,DC1,DC0
RAW,2,21,0.602026,0.007635,AVG_ACCELERATION,ACCELERATION,AVG_SPEED,DC1,SPEED,DC0
RAW,2,22,0.638890,0.001877,AVG_ACCELERATION,SPEED,DC1,AVG_SPEED,ACCELERATION,DC0
RAW,2,23,0.668097,0.004597,AVG_ACCELERATION,ACCELERATION,DC1,AVG_SPEED,SPEED,DC0
RAW,2,24,0.667722,0.011484,AVG_ACCELERATION,DC1,ACCELERATION,AVG_SPEED,DC0,SPEED
RAW,2,25,0.619637,0.003044,AVG_ACCELERATION,SPEED,DC1,ACCELERATION,AVG_SPEED,DC0
RAW,2,26,0.580706,0.003308,AVG_ACCELERATION,SPEED,DC1,ACCELERATION,AVG_SPEED,DC0
RAW,2,27,0.646640,0.007790,AVG_ACCELERATION,SPEED,DC1,ACCELERATION,DC0,AVG_SPEED
RAW,2,28,0.611647,0.004216,AVG_ACCELERATION,SPEED,ACCELERATION,DC1,DC0,AVG_SPEED
RAW,2,29,0.643272,0.006400,AVG_ACCELERATION,SPEED,ACCELERATION,AVG_SPEED,DC1,DC0
RAW,2,30,0.576378,0.004016,AVG_ACCELERATION,DC1,SPEED,ACCELERATION,AVG_SPEED,DC0
RAW,2,31,0.652827,0.002758,AVG_ACCELERATION,SPEED,DC1,ACCELERATION,AVG_SPEED,DC0
RAW,2,32,0.666072,0.001120,AVG_ACCELERATION,DC1,DC0,SPEED,ACCELERATION,AVG_SPEED
RAW,2,33,0.681982,0.012594,AVG_ACCELERATION,ACCELERATION,DC1,SPEED,AVG_SPEED,DC0
RAW,2,34,0.628271,0.003194,AVG_ACCELERATION,ACCELERATION,DC1,AVG_SPEED,DC0,SPEED
RAW,2,35,0.630075,0.006777,AVG_ACCELERATION,ACCELERATION,DC1,AVG_SPEED,SPEED,DC0
RAW,2,36,0.653237,0.002974,AVG_ACCELERATION,DC1,SPEED,AVG_SPEED,ACCELERATION,DC0
RAW,2,37,0.621570,0.008433,AVG_ACCELERATION,SPEED,AVG_SPEED,DC1,ACCELERATION,DC0
RAW,2,38,0.664251,0.005518,AVG_ACCELERATION,AVG_SPEED,ACCELERATION,DC0,SPEED,DC1
RAW,2,39,0.708480,0.001001,AVG_ACCELERATION,ACCELERATION,SPEED,DC0,AVG_SPEED,DC1
RAW,2,40,0.667575,0.005621,AVG_ACCELERATION,DC0,ACCELERATION,AVG_SPEED,SPEED,DC1
RAW,2,41,0.674865,0.009848,AVG_ACCELERATION,ACCELERATION,SPEED,DC1,AVG_SPEED,DC0
RAW,2,42,0.669046,0.002795,AVG_ACCELERATION,SPEED,ACCELERATION,AVG_SPEED,DC1,DC0
RAW,2,43,0.640171,0.002197,AVG_ACCELERATION,SPEED,ACCELERATION,DC1,AVG_SPEED,DC0
RAW,2,44,0.694490,0.010132,AVG_ACCELERATION,DC1,AVG_SPEED,SPEED,ACCELERATION,DC0
RAW,2,45,0.649968,0.002714,AVG_ACCELERATION,DC1,SPEED,AVG_SPEED,ACCELERATION,DC0
RAW,2,46,0.718259,0.010110,AVG_ACCELERATION,ACCELERATION,DC1,SPEED,AVG_SPEED,DC0
RAW,2,47,0.664578,0.005756,AVG_ACCELERATION,AVG_SPEED,DC1,ACCELERATION,SPEED,DC0
RAW,3,1,0.601020,0.002388,ACCELERATION,AVG_SPEED,AVG_ACCELERATION,DC1,SPEED,DC0
RAW,3,2,0.568722,0.005585,AVG_ACCELERATION,SPEED,AVG_SPEED,ACCELERATION,DC1,DC0
RAW,3,3,0.570016,0.002173,AVG_ACCELERATION,SPEED,ACCELERATION,AVG_SPEED,DC1,DC0
RAW,3,4,0.571491,0.003110,AVG_ACCELERATION,DC1,ACCELERATION,SPEED,AVG_SPEED,DC0
RAW,3,5,0.570175,0.001211,AVG_ACCELERATION,DC1,ACCELERATION,SPEED,AVG_SPEED,DC0
RAW,3,6,0.573926,0.002027,AVG_ACCELERATION,SPEED,ACCELERATION,AVG_SPEED,DC1,DC0
RAW,3,7,0.585099,0.001875,AVG_ACCELERATION,DC1,ACCELERATION,SPEED,DC0,AVG_SPEED
RAW,3,8,0.613517,0.001819,AVG_ACCELERATION,ACCELERATION,DC1,SPEED,DC0,AVG_SPEED
RAW,3,9,0.590993,0.000861,AVG_ACCELERATION,ACCELERATION,DC1,SPEED,AVG_SPEED,DC0
RAW,3,10,0.630532,0.000528,AVG_ACCELERATION,DC1,AVG_SPEED,SPEED,ACCELERATION,DC0
RAW,3,11,0.583769,0.000476,AVG_ACCELERATION,ACCELERATION,DC1,SPEED,DC0,AVG_SPEED
RAW,3,12,0.593137,0.000989,AVG_ACCELERATION,ACCELERATION,SPEED,DC1,AVG_SPEED,DC0
RAW,3,13,0.590272,0.000999,AVG_ACCELERATION,SPEED,DC1,ACCELERATION,AVG_SPEED,DC0
RAW,3,14,0.579957,0.003393,AVG_ACCELERATION,ACCELERATION,DC1,AVG_SPEED,SPEED,DC0
RAW,3,15,0.608803,0.001421,AVG_ACCELERATION,SPEED,DC1,AVG_SPEED,DC0,ACCELERATION
RAW,3,16,0.616351,0.002462,AVG_ACCELERATION,DC1,SPEED,AVG_SPEED,ACCELERATION,DC0
RAW,3,17,0.596728,0.000784,AVG_ACCELERATION,DC1,SPEED,AVG_SPEED,ACCELERATION,DC0
RAW,3,18,0.588790,0.003235,AVG_ACCELERATION,ACCELERATION,SPEED,DC1,AVG_SPEED,DC0
RAW,3,19,0.607843,0.001229,AVG_ACCELERATION,ACCELERATION,DC1,SPEED,AVG_SPEED,DC0
RAW,3,20,0.610095,0.004261,AVG_ACCELERATION,SPEED,ACCELERATION,AVG_SPEED,DC1,DC0
RAW,3,21,0.621856,0.001392,AVG_ACCELERATION,ACCELERATION,SPEED,AVG_SPEED,DC1,DC0
RAW,3,22,0.616022,0.003802,AVG_ACCELERATION,ACCELERATION,AVG_SPEED,DC1,SPEED,DC0
RAW,3,23,0.594918,0.003079,AVG_ACCELERATION,SPEED,AVG_SPEED,ACCELERATION,DC1,DC0
RAW,3,24,0.574459,0.001016,AVG_ACCELERATION,SPEED,ACCELERATION,DC1,AVG_SPEED,DC0
RAW,3,25,0.616911,0.001042,AVG_ACCELERATION,SPEED,DC1,ACCELERATION,DC0,AVG_SPEED
RAW,3,26,0.601713,0.002486,AVG_ACCELERATION,ACCELERATION,SPEED,DC1,AVG_SPEED,DC0
RAW,3,27,0.613637,0.001102,AVG_ACCELERATION,ACCELERATION,AVG_SPEED,DC1,DC0,SPEED
RAW,3,28,0.600420,0.000862,AVG_ACCELERATION,DC1,ACCELERATION,SPEED,AVG_SPEED,DC0
RAW,3,29,0.609294,0.001789,AVG_ACCELERATION,ACCELERATION,SPEED,DC1,AVG_SPEED,DC0
RAW,3,30,0.633496,0.000807,AVG_ACCELERATION,ACCELERATION,DC1,AVG_SPEED,SPEED,DC0
RAW,3,31,0.625987,0.001398,AVG_ACCELERATION,ACCELERATION,DC1,DC0,AVG_SPEED,SPEED
RAW,3,32,0.633953,0.002497,AVG_ACCELERATION,SPEED,DC1,AVG_SPEED,ACCELERATION,DC0
RAW,3,33,0.599399,0.000261,AVG_ACCELERATION,SPEED,ACCELERATION,AVG_SPEED,DC1,DC0
RAW,3,34,0.629298,0.001595,AVG_ACCELERATION,DC1,ACCELERATION,SPEED,AVG_SPEED,DC0
RAW,3,35,0.566001,0.001554,AVG_ACCELERATION,SPEED,ACCELERATION,AVG_SPEED,DC0,DC1
RAW,3,36,0.576901,0.002058,AVG_ACCELERATION,ACCELERATION,SPEED,AVG_SPEED,DC1,DC0
RAW,3,37,0.601007,0.001614,AVG_ACCELERATION,SPEED,ACCELERATION,AVG_SPEED,DC1,DC0
RAW,3,38,0.585541,0.002181,AVG_ACCELERATION,SPEED,AVG_SPEED,ACCELERATION,DC1,DC0
RAW,3,39,0.613221,0.000970,AVG_ACCELERATION,ACCELERATION,AVG_SPEED,SPEED,DC0,DC1
RAW,3,40,0.605473,0.001831,AVG_ACCELERATION,AVG_SPEED,ACCELERATION,SPEED,DC0,DC1
RAW,3,41,0.613978,0.002748,AVG_ACCELERATION,DC1,SPEED,DC0,ACCELERATION,AVG_SPEED
RAW,3,42,0.610922,0.001568,AVG_ACCELERATION,AVG_SPEED,ACCELERATION,SPEED,DC1,DC0
RAW,3,43,0.608735,0.003780,AVG_ACCELERATION,SPEED,AVG_SPEED,DC1,ACCELERATION,DC0
RAW,3,44,0.618681,0.000169,AVG_ACCELERATION,ACCELERATION,DC0,SPEED,AVG_SPEED,DC1
RAW,3,45,0.624688,0.000137,AVG_ACCELERATION,SPEED,ACCELERATION,AVG_SPEED,DC0,DC1
RAW,3,46,0.618163,0.000600,AVG_ACCELERATION,ACCELERATION,AVG_SPEED,DC0,SPEED,DC1
RAW,3,47,0.615991,0.002747,AVG_ACCELERATION,ACCELERATION,AVG_SPEED,DC1,DC0,SPEED
RAW,4,1,0.557649,0.001331,ACCELERATION,AVG_SPEED,AVG_ACCELERATION,SPEED,DC1,DC0
RAW,4,2,0.545329,0.004781,AVG_ACCELERATION,SPEED,AVG_SPEED,ACCELERATION,DC1,DC0
RAW,4,3,0.544876,0.002407,AVG_ACCELERATION,ACCELERATION,AVG_SPEED,SPEED,DC1,DC0
RAW,4,4,0.459286,0.001016,AVG_ACCELERATION,SPEED,AVG_SPEED,ACCELERATION,DC1,DC0
RAW,4,5,0.487264,0.001350,AVG_ACCELERATION,ACCELERATION,SPEED,DC1,DC0,AVG_SPEED
RAW,4,6,0.533596,0.003911,AVG_ACCELERATION,DC1,AVG_SPEED,ACCELERATION,SPEED,DC0
RAW,4,7,0.540997,0.000522,AVG_ACCELERATION,SPEED,DC1,AVG_SPEED,ACCELERATION,DC0
RAW,4,8,0.575313,0.001569,AVG_ACCELERATION,AVG_SPEED,ACCELERATION,SPEED,DC1,DC0
RAW,4,9,0.525362,0.000717,AVG_ACCELERATION,ACCELERATION,AVG_SPEED,DC1,DC0,SPEED
RAW,4,10,0.502110,0.006608,AVG_ACCELERATION,DC1,ACCELERATION,DC0,SPEED,AVG_SPEED
RAW,4,11,0.552037,0.001876,AVG_ACCELERATION,ACCELERATION,SPEED,DC1,DC0,AVG_SPEED
RAW,4,12,0.565198,0.008138,AVG_ACCELERATION,DC1,ACCELERATION,SPEED,AVG_SPEED,DC0
RAW,4,13,0.594306,0.000210,AVG_ACCELERATION,SPEED,DC1,ACCELERATION,AVG_SPEED,DC0
RAW,4,14,0.590779,0.001126,AVG_ACCELERATION,SPEED,DC1,DC0,AVG_SPEED,ACCELERATION
RAW,4,15,0.527381,0.000371,AVG_ACCELERATION,AVG_SPEED,DC1,DC0,SPEED,ACCELERATION
RAW,4,16,0.590760,0.001391,AVG_ACCELERATION,DC1,AVG_SPEED,SPEED,DC0,ACCELERATION
RAW,4,17,0.605097,0.001037,AVG_ACCELERATION,DC1,ACCELERATION,AVG_SPEED,SPEED,DC0
RAW,4,18,0.557005,0.000437,AVG_ACCELERATION,SPEED,ACCELERATION,DC1,DC0,AVG_SPEED
RAW,4,19,0.591297,0.000151,AVG_ACCELERATION,SPEED,DC1,AVG_SPEED,DC0,ACCELERATION
RAW,4,20,0.588231,0.001527,AVG_ACCELERATION,DC1,SPEED,ACCELERATION,DC0,AVG_SPEED
RAW,4,21,0.628713,0.000851,AVG_ACCELERATION,SPEED,AVG_SPEED,ACCELERATION,DC1,DC0
RAW,4,22,0.565757,0.003423,AVG_ACCELERATION,SPEED,ACCELERATION,AVG_SPEED,DC1,DC0
RAW,4,23,0.589879,0.002143,AVG_ACCELERATION,DC1,AVG_SPEED,ACCELERATION,DC0,SPEED
RAW,4,24,0.557568,0.000770,AVG_ACCELERATION,DC1,AVG_SPEED,SPEED,ACCELERATION,DC0
RAW,4,25,0.610440,0.001918,AVG_ACCELERATION,DC1,AVG_SPEED,ACCELERATION,DC0,SPEED
RAW,4,26,0.630627,0.001263,AVG_ACCELERATION,DC1,ACCELERATION,AVG_SPEED,SPEED,DC0
RAW,4,27,0.561851,0.001195,AVG_ACCELERATION,ACCELERATION,SPEED,DC1,DC0,AVG_SPEED
RAW,4,28,0.611170,0.001596,AVG_ACCELERATION,DC1,ACCELERATION,AVG_SPEED,DC0,SPEED
RAW,4,29,0.601386,0.001248,AVG_ACCELERATION,AVG_SPEED,DC1,ACCELERATION,DC0,SPEED
RAW,4,30,0.606067,0.002840,AVG_ACCELERATION,DC1,AVG_SPEED,SPEED,DC0,ACCELERATION
RAW,4,31,0.568066,0.002558,AVG_ACCELERATION,DC1,AVG_SPEED,ACCELERATION,DC0,SPEED
RAW,4,32,0.583634,0.003610,AVG_ACCELERATION,DC0,SPEED,DC1,AVG_SPEED,ACCELERATION
RAW,4,33,0.599828,0.005249,AVG_ACCELERATION,DC1,AVG_SPEED,ACCELERATION,SPEED,DC0
RAW,4,34,0.592885,0.005263,AVG_ACCELERATION,SPEED,DC1,AVG_SPEED,DC0,ACCELERATION
RAW,4,35,0.609663,0.000601,AVG_ACCELERATION,DC1,AVG_SPEED,SPEED,DC0,ACCELERATION
RAW,4,36,0.550748,0.001645,AVG_ACCELERATION,DC1,SPEED,DC0,AVG_SPEED,ACCELERATION
RAW,4,37,0.617419,0.000776,AVG_ACCELERATION,SPEED,ACCELERATION,DC1,DC0,AVG_SPEED
RAW,4,38,0.585032,0.004152,AVG_ACCELERATION,DC1,AVG_SPEED,ACCELERATION,SPEED,DC0
RAW,4,39,0.610561,0.004432,AVG_ACCELERATION,AVG_SPEED,DC1,SPEED,ACCELERATION,DC0
RAW,4,40,0.580249,0.001415,AVG_ACCELERATION,DC1,ACCELERATION,AVG_SPEED,SPEED,DC0
RAW,4,41,0.588523,0.002873,AVG_ACCELERATION,DC1,ACCELERATION,AVG_SPEED,DC0,SPEED
RAW,4,42,0.604329,0.001074,AVG_ACCELERATION,SPEED,DC1,ACCELERATION,AVG_SPEED,DC0
RAW,4,43,0.565543,0.004426,AVG_ACCELERATION,AVG_SPEED,ACCELERATION,SPEED,DC1,DC0
RAW,4,44,0.584295,0.000266,AVG_ACCELERATION,SPEED,AVG_SPEED,DC1,ACCELERATION,DC0
RAW,4,45,0.597697,0.002859,AVG_ACCELERATION,SPEED,ACCELERATION,DC1,DC0,AVG_SPEED
RAW,4,46,0.605059,0.001746,AVG_ACCELERATION,AVG_SPEED,ACCELERATION,SPEED,DC0,DC1
RAW,4,47,0.605845,0.001336,AVG_ACCELERATION,AVG_SPEED,DC1,ACCELERATION,SPEED,DC0
NEURAL,1,1,0.411093,0.005900,SPEED,ACCELERATION,AVG_SPEED,AVG_ACCELERATION,DC1,DC0
NEURAL,1,2,0.464669,0.002431,ACCELERATION,AVG_SPEED,AVG_ACCELERATION,SPEED,DC0,DC1
NEURAL,1,3,0.478545,0.008758,AVG_ACCELERATION,ACCELERATION,AVG_SPEED,DC1,SPEED,DC0
NEURAL,1,4,0.445396,0.006001,AVG_ACCELERATION,DC1,AVG_SPEED,ACCELERATION,DC0,SPEED
NEURAL,1,5,0.566941,0.003038,AVG_ACCELERATION,ACCELERATION,SPEED,DC1,AVG_SPEED,DC0
NEURAL,1,6,0.604887,0.003678,AVG_ACCELERATION,DC1,AVG_SPEED,SPEED,DC0,ACCELERATION
NEURAL,1,7,0.527214,0.004675,AVG_ACCELERATION,AVG_SPEED,DC1,ACCELERATION,SPEED,DC0
NEURAL,1,8,0.544582,0.006499,AVG_ACCELERATION,DC1,SPEED,AVG_SPEED,ACCELERATION,DC0
NEURAL,1,9,0.479088,0.002049,AVG_ACCELERATION,ACCELERATION,AVG_SPEED,SPEED,DC1,DC0
NEURAL,1,10,0.515664,0.004751,AVG_ACCELERATION,SPEED,DC1,ACCELERATION,DC0,AVG_SPEED
NEURAL,1,11,0.516899,0.003333,AVG_ACCELERATION,SPEED,ACCELERATION,AVG_SPEED,DC0,DC1
NEURAL,1,12,0.511578,0.003581,AVG_ACCELERATION,ACCELERATION,SPEED,DC0,DC1,AVG_SPEED
NEURAL,1,13,0.523804,0.002215,AVG_ACCELERATION,ACCELERATION,SPEED,DC1,AVG_SPEED,DC0
NEURAL,1,14,0.487818,0.005422,AVG_ACCELERATION,SPEED,ACCELERATION,DC0,AVG_SPEED,DC1
NEURAL,1,15,0.489206,0.006840,AVG_ACCELERATION,SPEED,DC1,DC0,AVG_SPEED,ACCELERATION
NEURAL,1,16,0.509719,0.004840,AVG_ACCELERATION,DC1,SPEED,ACCELERATION,DC0,AVG_SPEED
NEURAL,1,17,0.559523,0.008534,AVG_ACCELERATION,ACCELERATION,SPEED,DC0,AVG_SPEED,DC1
NEURAL,1,18,0.540748,0.007370,AVG_ACCELERATION,DC0,AVG_SPEED,ACCELERATION,SPEED,DC1
NEURAL,1,19,0.527174,0.002710,AVG_ACCELERATION,AVG_SPEED,DC0,ACCELERATION,DC1,SPEED
NEURAL,1,20,0.525818,0.009391,AVG_ACCELERATION,AVG_SPEED,ACCELERATION,DC0,SPEED,DC1
NEURAL,1,21,0.551466,0.004644,AVG_ACCELERATION,DC0,ACCELERATION,SPEED,AVG_SPEED,DC1
NEURAL,1,22,0.584729,0.001638,AVG_ACCELERATION,DC1,SPEED,AVG_SPEED,DC0,ACCELERATION
NEURAL,1,23,0.581623,0.002699,AVG_ACCELERATION,ACCELERATION,AVG_SPEED,DC1,SPEED,DC0
NEURAL,1,24,0.590905,0.004239,AVG_ACCELERATION,DC1,SPEED,AVG_SPEED,DC0,ACCELERATION
NEURAL,1,25,0.580773,0.011219,AVG_ACCELERATION,SPEED,AVG_SPEED,DC0,ACCELERATION,DC1
NEURAL,1,26,0.643811,0.002366,AVG_ACCELERATION,ACCELERATION,DC0,SPEED,AVG_SPEED,DC1
NEURAL,1,27,0.633088,0.003576,AVG_ACCELERATION,ACCELERATION,DC0,AVG_SPEED,SPEED,DC1
NEURAL,1,28,0.624606,0.006214,AVG_ACCELERATION,AVG_SPEED,DC0,ACCELERATION,DC1,SPEED
NEURAL,1,29,0.660890,0.003500,AVG_ACCELERATION,DC0,ACCELERATION,SPEED,AVG_SPEED,DC1
NEURAL,1,30,0.692463,0.003402,AVG_ACCELERATION,AVG_SPEED,DC1,ACCELERATION,SPEED,DC0
NEURAL,1,31,0.690770,0.008660,AVG_ACCELERATION,DC1,SPEED,DC0,ACCELERATION,AVG_SPEED
NEURAL,1,32,0.700079,0.006943,AVG_ACCELERATION,ACCELERATION,AVG_SPEED,SPEED,DC0,DC1
NEURAL,1,33,0.719016,0.004636,AVG_ACCELERATION,DC1,DC0,SPEED,ACCELERATION,AVG_SPEED
NEURAL,1,34,0.677256,0.002189,AVG_ACCELERATION,DC1,ACCELERATION,DC0,SPEED,AVG_SPEED
NEURAL,1,35,0.698053,0.002202,AVG_ACCELERATION,ACCELERATION,AVG_SPEED,DC1,DC0,SPEED
NEURAL,1,36,0.669197,0.002091,AVG_ACCELERATION,DC1,AVG_SPEED,ACCELERATION,SPEED,DC0
NEURAL,1,37,0.700120,0.001741,AVG_ACCELERATION,DC0,ACCELERATION,AVG_SPEED,SPEED,DC1
NEURAL,1,38,0.644922,0.005833,AVG_ACCELERATION,DC1,AVG_SPEED,DC0,ACCELERATION,SPEED
NEURAL,1,39,0.721166,0.002160,AVG_ACCELERATION,DC1,DC0,AVG_SPEED,ACCELERATION,SPEED
NEURAL,1,40,0.703959,0.002841,AVG_ACCELERATION,SPEED,DC0,ACCELERATION,AVG_SPEED,DC1
NEURAL,1,41,0.678415,0.004379,AVG_ACCELERATION,SPEED,ACCELERATION,DC0,AVG_SPEED,DC1
NEURAL,1,42,0.674473,0.003869,AVG_ACCELERATION,AVG_SPEED,SPEED,ACCELERATION,DC0,DC1
NEURAL,1,43,0.710634,0.003310,AVG_ACCELERATION,DC1,DC0,ACCELERATION,SPEED,AVG_SPEED
NEURAL,1,44,0.752098,0.002986,AVG_ACCELERATION,DC1,DC0,AVG_SPEED,ACCELERATION,SPEED
NEURAL,1,45,0.710266,0.003648,AVG_ACCELERATION,SPEED,AVG_SPEED,DC0,DC1,ACCELERATION
NEURAL,1,46,0.712666,0.004767,AVG_ACCELERATION,ACCELERATION,AVG_SPEED,DC0,DC1,SPEED
NEURAL,1,47,0.724506,0.002289,AVG_ACCELERATION,DC0,AVG_SPEED,ACCELERATION,SPEED,DC1
NEURAL,2,1,0.448831,0.003593,SPEED,ACCELERATION,AVG_SPEED,AVG_ACCELERATION,DC0,DC1
NEURAL,2,2,0.443922,0.003773,ACCELERATION,AVG_SPEED,AVG_ACCELERATION,DC0,SPEED,DC1
NEURAL,2,3,0.479514,0.003122,AVG_ACCELERATION,ACCELERATION,DC0,AVG_SPEED,DC1,SPEED
NEURAL,2,4,0.498511,0.006743,AVG_ACCELERATION,ACCELERATION,DC0,SPEED,AVG_SPEED,DC1
NEURAL,2,5,0.490221,0.010421,AVG_ACCELERATION,SPEED,ACCELERATION,DC0,AVG_SPEED,DC1
NEURAL,2,6,0.448088,0.001169,AVG_ACCELERATION,AVG_SPEED,DC0,ACCELERATION,DC1,SPEED
NEURAL,2,7,0.451357,0.001012,AVG_ACCELERATION,DC0,AVG_SPEED,DC1,ACCELERATION,SPEED
NEURAL,2,8,0.529310,0.002180,AVG_ACCELERATION,DC0,SPEED,ACCELERATION,AVG_SPEED,DC1
NEURAL,2,9,0.472391,0.001463,AVG_ACCELERATION,SPEED,ACCELERATION,AVG_SPEED,DC0,DC1
NEURAL,2,10,0.480795,0.000512,AVG_ACCELERATION,ACCELERATION,AVG_SPEED,DC1,DC0,SPEED
NEURAL,2,11,0.404670,0.007974,AVG_ACCELERATION,AVG_SPEED,DC1,DC0,ACCELERATION,SPEED
NEURAL,2,12,0.418810,0.000804,AVG_ACCELERATION,AVG_SPEED,DC1,DC0,ACCELERATION,SPEED
NEURAL,2,13,0.487417,0.009173,AVG_ACCELERATION,ACCELERATION,AVG_SPEED,DC1,DC0,SPEED
NEURAL,2,14,0.437318,0.001950,AVG_ACCELERATION,DC1,SPEED,DC0,AVG_SPEED,ACCELERATION
NEURAL,2,15,0.431542,0.003058,AVG_ACCELERATION,ACCELERATION,DC1,AVG_SPEED,DC0,SPEED
NEURAL,2,16,0.409424,0.002916,AVG_ACCELERATION,ACCELERATION,DC0,DC1,AVG_SPEED,SPEED
NEURAL,2,17,0.485822,0.005371,AVG_ACCELERATION,SPEED,DC0,ACCELERATION,DC1,AVG_SPEED
NEURAL,2,18,0.490698,0.004067,AVG_ACCELERATION,DC0,SPEED,DC1,ACCELERATION,AVG_SPEED
NEURAL,2,19,0.481459,0.009388,AVG_ACCELERATION,DC0,AVG_SPEED,SPEED,ACCELERATION,DC1
NEURAL,2,20,0.522900,0.012265,AVG_ACCELERATION,SPEED,DC0,ACCELERATION,DC1,AVG_SPEED
NEURAL,2,21,0.503125,0.000276,AVG_ACCELERATION,ACCELERATION,DC0,SPEED,AVG_SPEED,DC1
NEURAL,2,22,0.461596,0.002062,AVG_ACCELERATION,ACCELERATION,DC0,SPEED,AVG_SPEED,DC1
NEURAL,2,23,0.593081,0.001994,AVG_ACCELERATION,DC0,ACCELERATION,DC1,AVG_SPEED,SPEED
NEURAL,2,24,0.580979,0.003616,AVG_ACCELERATION,AVG_SPEED,DC0,ACCELERATION,DC1,SPEED
NEURAL,2,25,0.561883,0.012391,AVG_ACCELERATION,DC0,ACCELERATION,DC1,SPEED,AVG_SPEED
NEURAL,2,26,0.526546,0.002516,AVG_ACCELERATION,DC0,SPEED,DC1,AVG_SPEED,ACCELERATION
NEURAL,2,27,0.608232,0.001671,AVG_ACCELERATION,DC0,DC1,ACCELERATION,AVG_SPEED,SPEED
NEURAL,2,28,0.623252,0.000070,AVG_ACCELERATION,ACCELERATION,DC0,DC1,AVG_SPEED,SPEED
NEURAL,2,29,0.542401,0.010307,AVG_ACCELERATION,DC0,AVG_SPEED,ACCELERATION,DC1,SPEED
NEURAL,2,30,0.544220,0.005489,AVG_ACCELERATION,SPEED,DC1,AVG_SPEED,DC0,ACCELERATION
NEURAL,2,31,0.639803,0.006670,AVG_ACCELERATION,AVG_SPEED,ACCELERATION,DC1,DC0,SPEED
NEURAL,2,32,0.715247,0.001569,AVG_ACCELERATION,DC1,DC0,AVG_SPEED,ACCELERATION,SPEED
NEURAL,2,33,0.666508,0.022661,AVG_ACCELERATION,DC1,DC0,SPEED,ACCELERATION,AVG_SPEED
NEURAL,2,34,0.601475,0.010660,AVG_ACCELERATION,DC0,SPEED,AVG_SPEED,DC1,ACCELERATION
NEURAL,2,35,0.578601,0.016817,AVG_ACCELERATION,DC0,DC1,ACCELERATION,SPEED,AVG_SPEED
NEURAL,2,36,0.713098,0.001689,AVG_ACCELERATION,AVG_SPEED,DC0,DC1,ACCELERATION,SPEED
NEURAL,2,37,0.679111,0.000934,AVG_ACCELERATION,SPEED,DC0,DC1,ACCELERATION,AVG_SPEED
NEURAL,2,38,0.732298,0.003771,AVG_ACCELERATION,DC1,ACCELERATION,SPEED,AVG_SPEED,DC0
NEURAL,2,39,0.704488,0.001545,AVG_ACCELERATION,ACCELERATION,AVG_SPEED,DC1,SPEED,DC0
NEURAL,2,40,0.784885,0.000307,AVG_ACCELERATION,DC0,AVG_SPEED,SPEED,DC1,ACCELERATION
NEURAL,2,41,0.729293,0.005847,AVG_ACCELERATION,DC0,SPEED,AVG_SPEED,ACCELERATION,DC1
NEURAL,2,42,0.740930,0.004873,AVG_ACCELERATION,DC0,ACCELERATION,SPEED,AVG_SPEED,DC1
NEURAL,2,43,0.779671,0.008410,AVG_ACCELERATION,DC0,AVG_SPEED,SPEED,ACCELERATION,DC1
NEURAL,2,44,0.795801,0.001896,AVG_ACCELERATION,DC0,AVG_SPEED,SPEED,ACCELERATION,DC1
NEURAL,2,45,0.787121,0.001462,AVG_ACCELERATION,DC0,SPEED,DC1,ACCELERATION,AVG_SPEED
NEURAL,2,46,0.741529,0.007905,AVG_ACCELERATION,DC1,DC0,AVG_SPEED,SPEED,ACCELERATION
NEURAL,2,47,0.770169,0.002845,AVG_ACCELERATION,DC0,AVG_SPEED,SPEED,DC1,ACCELERATION
NEURAL,3,1,0.498542,0.002309,SPEED,ACCELERATION,AVG_SPEED,AVG_ACCELERATION,DC1,DC0
NEURAL,3,2,0.570146,0.000483,ACCELERATION,AVG_SPEED,AVG_ACCELERATION,DC1,DC0,SPEED
NEURAL,3,3,0.568964,0.001012,AVG_ACCELERATION,SPEED,DC1,ACCELERATION,AVG_SPEED,DC0
NEURAL,3,4,0.559661,0.001264,AVG_ACCELERATION,ACCELERATION,SPEED,DC1,AVG_SPEED,DC0
NEURAL,3,5,0.519979,0.001922,AVG_ACCELERATION,ACCELERATION,DC0,DC1,SPEED,AVG_SPEED
NEURAL,3,6,0.538476,0.002341,AVG_ACCELERATION,AVG_SPEED,ACCELERATION,DC1,DC0,SPEED
NEURAL,3,7,0.557104,0.002135,AVG_ACCELERATION,DC1,SPEED,DC0,ACCELERATION,AVG_SPEED
NEURAL,3,8,0.527664,0.002553,AVG_ACCELERATION,DC1,DC0,ACCELERATION,AVG_SPEED,SPEED
NEURAL,3,9,0.525120,0.003533,AVG_ACCELERATION,DC1,AVG_SPEED,SPEED,DC0,ACCELERATION
NEURAL,3,10,0.518100,0.000436,AVG_ACCELERATION,DC1,ACCELERATION,SPEED,DC0,AVG_SPEED
NEURAL,3,11,0.519605,0.001140,AVG_ACCELERATION,DC1,DC0,SPEED,ACCELERATION,AVG_SPEED
NEURAL,3,12,0.535580,0.000869,AVG_ACCELERATION,DC1,ACCELERATION,DC0,SPEED,AVG_SPEED
NEURAL,3,13,0.490517,0.001281,AVG_ACCELERATION,ACCELERATION,DC0,DC1,SPEED,AVG_SPEED
NEURAL,3,14,0.529063,0.000501,AVG_ACCELERATION,AVG_SPEED,SPEED,DC0,DC1,ACCELERATION
NEURAL,3,15,0.513977,0.001582,AVG_ACCELERATION,DC0,DC1,AVG_SPEED,SPEED,ACCELERATION
NEURAL,3,16,0.516837,0.000268,AVG_ACCELERATION,DC0,ACCELERATION,DC1,SPEED,AVG_SPEED
NEURAL,3,17,0.522261,0.000835,AVG_ACCELERATION,DC0,ACCELERATION,DC1,SPEED,AVG_SPEED
NEURAL,3,18,0.562305,0.000488,AVG_ACCELERATION,DC0,AVG_SPEED,DC1,SPEED,ACCELERATION
NEURAL,3,19,0.517334,0.000920,AVG_ACCELERATION,DC0,AVG_SPEED,DC1,SPEED,ACCELERATION
NEURAL,3,20,0.530905,0.001840,AVG_ACCELERATION,SPEED,DC0,ACCELERATION,AVG_SPEED,DC1
NEURAL,3,21,0.515680,0.001799,AVG_ACCELERATION,SPEED,AVG_SPEED,DC0,ACCELERATION,DC1
NEURAL,3,22,0.524611,0.000375,AVG_ACCELERATION,SPEED,AVG_SPEED,DC0,DC1,ACCELERATION
NEURAL,3,23,0.525140,0.000989,AVG_ACCELERATION,AVG_SPEED,DC0,DC1,ACCELERATION,SPEED
NEURAL,3,24,0.533865,0.000412,AVG_ACCELERATION,AVG_SPEED,DC0,DC1,SPEED,ACCELERATION
NEURAL,3,25,0.519754,0.000575,AVG_ACCELERATION,DC1,ACCELERATION,AVG_SPEED,SPEED,DC0
NEURAL,3,26,0.533842,0.000525,AVG_ACCELERATION,AVG_SPEED,DC1,DC0,ACCELERATION,SPEED
NEURAL,3,27,0.485791,0.001038,AVG_ACCELERATION,AVG_SPEED,DC1,ACCELERATION,DC0,SPEED
NEURAL,3,28,0.515374,0.000844,AVG_ACCELERATION,ACCELERATION,SPEED,AVG_SPEED,DC1,DC0
NEURAL,3,29,0.547823,0.000365,AVG_ACCELERATION,DC0,DC1,ACCELERATION,AVG_SPEED,SPEED
NEURAL,3,30,0.537578,0.001902,AVG_ACCELERATION,DC1,SPEED,DC0,ACCELERATION,AVG_SPEED
NEURAL,3,31,0.512985,0.000136,AVG_ACCELERATION,DC0,DC1,ACCELERATION,AVG_SPEED,SPEED
NEURAL,3,32,0.521928,0.001209,AVG_ACCELERATION,AVG_SPEED,DC0,DC1,SPEED,ACCELERATION
NEURAL,3,33,0.508996,0.002813,AVG_ACCELERATION,ACCELERATION,DC0,SPEED,DC1,AVG_SPEED
NEURAL,3,34,0.534995,0.000485,AVG_ACCELERATION,ACCELERATION,AVG_SPEED,SPEED,DC0,DC1
NEURAL,3,35,0.526943,0.000077,AVG_ACCELERATION,DC0,AVG_SPEED,SPEED,DC1,ACCELERATION
NEURAL,3,36,0.564301,0.000497,AVG_ACCELERATION,ACCELERATION,DC0,AVG_SPEED,DC1,SPEED
NEURAL,3,37,0.557665,0.000940,AVG_ACCELERATION,SPEED,DC0,AVG_SPEED,DC1,ACCELERATION
NEURAL,3,38,0.604472,0.002320,AVG_ACCELERATION,ACCELERATION,SPEED,AVG_SPEED,DC0,DC1
NEURAL,3,39,0.632756,0.000541,AVG_ACCELERATION,DC0,AVG_SPEED,ACCELERATION,SPEED,DC1
NEURAL,3,40,0.621041,0.000212,AVG_ACCELERATION,ACCELERATION,AVG_SPEED,DC0,SPEED,DC1
NEURAL,3,41,0.652411,0.001271,AVG_ACCELERATION,SPEED,AVG_SPEED,ACCELERATION,DC1,DC0
NEURAL,3,42,0.678594,0.000570,AVG_ACCELERATION,AVG_SPEED,DC1,SPEED,ACCELERATION,DC0
NEURAL,3,43,0.664488,0.001469,AVG_ACCELERATION,AVG_SPEED,SPEED,DC0,ACCELERATION,DC1
NEURAL,3,44,0.674786,0.001274,AVG_ACCELERATION,ACCELERATION,AVG_SPEED,SPEED,DC1,DC0
NEURAL,3,45,0.676619,0.001593,AVG_ACCELERATION,ACCELERATION,SPEED,AVG_SPEED,DC0,DC1
NEURAL,3,46,0.669203,0.000561,AVG_ACCELERATION,ACCELERATION,AVG_SPEED,SPEED,DC1,DC0
NEURAL,3,47,0.681762,0.002025,AVG_ACCELERATION,AVG_SPEED,DC1,ACCELERATION,SPEED,DC0
NEURAL,4,1,0.508965,0.001846,SPEED,ACCELERATION,AVG_SPEED,AVG_ACCELERATION,DC0,DC1
NEURAL,4,2,0.444791,0.001578,ACCELERATION,AVG_SPEED,AVG_ACCELERATION,SPEED,DC1,DC0
NEURAL,4,3,0.460793,0.002559,AVG_ACCELERATION,DC0,ACCELERATION,SPEED,AVG_SPEED,DC1
NEURAL,4,4,0.518408,0.003097,AVG_ACCELERATION,AVG_SPEED,SPEED,DC1,DC0,ACCELERATION
NEURAL,4,5,0.504831,0.004525,AVG_ACCELERATION,SPEED,DC0,AVG_SPEED,DC1,ACCELERATION
NEURAL,4,6,0.498160,0.000620,AVG_ACCELERATION,ACCELERATION,SPEED,AVG_SPEED,DC0,DC1
NEURAL,4,7,0.466064,0.004133,AVG_ACCELERATION,DC1,DC0,AVG_SPEED,SPEED,ACCELERATION
NEURAL,4,8,0.523967,0.002146,AVG_ACCELERATION,ACCELERATION,SPEED,DC0,DC1,AVG_SPEED
NEURAL,4,9,0.541361,0.005438,AVG_ACCELERATION,ACCELERATION,DC0,AVG_SPEED,DC1,SPEED
NEURAL,4,10,0.509014,0.001323,AVG_ACCELERATION,SPEED,DC1,AVG_SPEED,DC0,ACCELERATION
NEURAL,4,11,0.532075,0.001316,AVG_ACCELERATION,DC1,ACCELERATION,AVG_SPEED,DC0,SPEED
NEURAL,4,12,0.496652,0.003004,AVG_ACCELERATION,ACCELERATION,DC0,AVG_SPEED,DC1,SPEED
NEURAL,4,13,0.476843,0.000533,AVG_ACCELERATION,SPEED,DC0,ACCELERATION,AVG_SPEED,DC1
NEURAL,4,14,0.516843,0.001039,AVG_ACCELERATION,ACCELERATION,DC1,SPEED,DC0,AVG_SPEED
NEURAL,4,15,0.465773,0.001833,AVG_ACCELERATION,SPEED,DC1,AVG_SPEED,ACCELERATION,DC0
NEURAL,4,16,0.510652,0.002206,AVG_ACCELERATION,SPEED,AVG_SPEED,DC0,DC1,ACCELERATION
NEURAL,4,17,0.468137,0.003890,AVG_ACCELERATION,ACCELERATION,DC0,SPEED,AVG_SPEED,DC1
NEURAL,4,18,0.511225,0.001474,AVG_ACCELERATION,DC0,AVG_SPEED,DC1,SPEED,ACCELERATION
NEURAL,4,19,0.509278,0.001595,AVG_ACCELERATION,ACCELERATION,DC0,DC1,AVG_SPEED,SPEED
NEURAL,4,20,0.492343,0.002202,AVG_ACCELERATION,DC0,ACCELERATION,DC1,SPEED,AVG_SPEED
NEURAL,4,21,0.498872,0.001190,AVG_ACCELERATION,DC1,DC0,SPEED,AVG_SPEED,ACCELERATION
NEURAL,4,22,0.491987,0.004816,AVG_ACCELERATION,DC0,DC1,ACCELERATION,AVG_SPEED,SPEED
NEURAL,4,23,0.484500,0.004548,AVG_ACCELERATION,DC0,ACCELERATION,DC1,SPEED,AVG_SPEED
NEURAL,4,24,0.498592,0.002566,AVG_ACCELERATION,SPEED,ACCELERATION,DC1,DC0,AVG_SPEED
NEURAL,4,25,0.512174,0.001555,AVG_ACCELERATION,SPEED,DC0,DC1,AVG_SPEED,ACCELERATION
NEURAL,4,26,0.499141,0.002142,AVG_ACCELERATION,DC0,DC1,AVG_SPEED,ACCELERATION,SPEED
NEURAL,4,27,0.477179,0.002126,AVG_ACCELERATION,ACCELERATION,DC0,DC1,AVG_SPEED,SPEED
NEURAL,4,28,0.517648,0.000633,AVG_ACCELERATION,DC0,ACCELERATION,DC1,AVG_SPEED,SPEED
NEURAL,4,29,0.525348,0.002243,AVG_ACCELERATION,DC0,ACCELERATION,AVG_SPEED,SPEED,DC1
NEURAL,4,30,0.548527,0.002513,AVG_ACCELERATION,DC0,ACCELERATION,SPEED,AVG_SPEED,DC1
NEURAL,4,31,0.521870,0.002061,AVG_ACCELERATION,DC0,ACCELERATION,AVG_SPEED,SPEED,DC1
NEURAL,4,32,0.505666,0.000898,AVG_ACCELERATION,ACCELERATION,DC0,SPEED,AVG_SPEED,DC1
NEURAL,4,33,0.511791,0.006555,AVG_ACCELERATION,DC0,SPEED,ACCELERATION,DC1,AVG_SPEED
NEURAL,4,34,0.519122,0.002569,AVG_ACCELERATION,DC0,ACCELERATION,DC1,SPEED,AVG_SPEED
NEURAL,4,35,0.524107,0.002880,AVG_ACCELERATION,DC0,DC1,SPEED,ACCELERATION,AVG_SPEED
NEURAL,4,36,0.535375,0.002151,AVG_ACCELERATION,DC0,SPEED,ACCELERATION,DC1,AVG_SPEED
NEURAL,4,37,0.554906,0.002128,AVG_ACCELERATION,ACCELERATION,DC0,SPEED,AVG_SPEED,DC1
NEURAL,4,38,0.593321,0.002451,AVG_ACCELERATION,DC1,SPEED,ACCELERATION,DC0,AVG_SPEED
NEURAL,4,39,0.598870,0.000280,AVG_ACCELERATION,ACCELERATION,AVG_SPEED,DC0,SPEED,DC1
NEURAL,4,40,0.641834,0.001105,AVG_ACCELERATION,ACCELERATION,SPEED,DC0,DC1,AVG_SPEED
NEURAL,4,41,0.658444,0.001697,AVG_ACCELERATION,ACCELERATION,AVG_SPEED,SPEED,DC0,DC1
NEURAL,4,42,0.644215,0.005385,AVG_ACCELERATION,ACCELERATION,SPEED,AVG_SPEED,DC1,DC0
NEURAL,4,43,0.651294,0.002142,AVG_ACCELERATION,ACCELERATION,DC0,DC1,AVG_SPEED,SPEED
NEURAL,4,44,0.656747,0.001852,AVG_ACCELERATION,ACCELERATION,DC0,SPEED,AVG_SPEED,DC1
NEURAL,4,45,0.657890,0.003894,AVG_ACCELERATION,ACCELERATION,DC1,SPEED,AVG_SPEED,DC0
NEURAL,4,46,0.678210,0.000555,AVG_ACCELERATION,DC1,SPEED,AVG_SPEED,ACCELERATION,DC0
NEURAL,4,47,0.664743,0.000324,AVG_ACCELERATION,ACCELERATION,DC1,AVG_SPEED,DC0,SPEED
