32,5,64,5,3,576,120,200 --- linear
=== Held out: 1 ===
=== General training ===
loss: 0.7121 - acc: 0.5427 - val_loss: 0.5003 - val_acc: 0.8577
loss: 0.7043 - acc: 0.5361 - val_loss: 0.8030 - val_acc: 0.2076
loss: 0.6978 - acc: 0.5278 - val_loss: 0.6261 - val_acc: 0.8480
loss: 0.6963 - acc: 0.5271 - val_loss: 0.7584 - val_acc: 0.1637
loss: 0.6947 - acc: 0.5327 - val_loss: 0.5951 - val_acc: 0.8616
=== Fine tuning ===
loss: 0.6766 - acc: 0.5702 - val_loss: 0.6792 - val_acc: 0.7110
loss: 0.6878 - acc: 0.5401 - val_loss: 0.7091 - val_acc: 0.4220
loss: 0.6637 - acc: 0.5645 - val_loss: 0.7211 - val_acc: 0.3295
loss: 0.6634 - acc: 0.5845 - val_loss: 0.5467 - val_acc: 0.8382
loss: 0.6622 - acc: 0.5917 - val_loss: 0.6736 - val_acc: 0.6647
loss: 0.6742 - acc: 0.5659 - val_loss: 0.5991 - val_acc: 0.7688
loss: 0.6527 - acc: 0.5817 - val_loss: 0.6462 - val_acc: 0.6532
loss: 0.6404 - acc: 0.6390 - val_loss: 0.7757 - val_acc: 0.4046
=== Held out: 2 ===
=== General training ===
loss: 0.7011 - acc: 0.5590 - val_loss: 0.7161 - val_acc: 0.5331
loss: 0.6906 - acc: 0.5700 - val_loss: 0.6660 - val_acc: 0.5620
loss: 0.6901 - acc: 0.5824 - val_loss: 0.6490 - val_acc: 0.6335
loss: 0.6641 - acc: 0.5977 - val_loss: 0.5036 - val_acc: 0.8141
loss: 0.6788 - acc: 0.5711 - val_loss: 0.6761 - val_acc: 0.5470
loss: 0.6755 - acc: 0.5607 - val_loss: 0.5980 - val_acc: 0.8066
loss: 0.6636 - acc: 0.5909 - val_loss: 0.8060 - val_acc: 0.2361
loss: 0.6689 - acc: 0.5725 - val_loss: 0.6495 - val_acc: 0.5951
=== Fine tuning ===
loss: 0.6721 - acc: 0.5590 - val_loss: 0.6416 - val_acc: 0.7909
loss: 0.6542 - acc: 0.6007 - val_loss: 0.7314 - val_acc: 0.7110
loss: 0.6420 - acc: 0.6250 - val_loss: 0.5766 - val_acc: 0.7947
loss: 0.6349 - acc: 0.6337 - val_loss: 0.5797 - val_acc: 0.8935
loss: 0.6205 - acc: 0.6536 - val_loss: 0.5615 - val_acc: 0.9163
loss: 0.6111 - acc: 0.6649 - val_loss: 0.4987 - val_acc: 0.7909
loss: 0.6342 - acc: 0.6380 - val_loss: 0.6002 - val_acc: 0.8327
loss: 0.5736 - acc: 0.6997 - val_loss: 0.6774 - val_acc: 0.6122
loss: 0.5865 - acc: 0.7031 - val_loss: 0.6484 - val_acc: 0.7338
loss: 0.5842 - acc: 0.6806 - val_loss: 0.7266 - val_acc: 0.5247
=== Held out: 3 ===
=== General training ===
loss: 0.7099 - acc: 0.5633 - val_loss: 0.5611 - val_acc: 0.8505
loss: 0.7034 - acc: 0.5546 - val_loss: 0.7382 - val_acc: 0.4246
loss: 0.6789 - acc: 0.5768 - val_loss: 0.8804 - val_acc: 0.1521
loss: 0.6737 - acc: 0.5764 - val_loss: 0.5653 - val_acc: 0.8175
loss: 0.6814 - acc: 0.5642 - val_loss: 0.5441 - val_acc: 0.8413
loss: 0.6700 - acc: 0.5954 - val_loss: 0.6747 - val_acc: 0.5688
loss: 0.6505 - acc: 0.6134 - val_loss: 0.4440 - val_acc: 0.8757
loss: 0.6321 - acc: 0.6423 - val_loss: 0.7411 - val_acc: 0.4894
loss: 0.6385 - acc: 0.6236 - val_loss: 0.7580 - val_acc: 0.4140
loss: 0.6672 - acc: 0.5976 - val_loss: 0.8104 - val_acc: 0.2487
loss: 0.6495 - acc: 0.6188 - val_loss: 0.4995 - val_acc: 0.8598
=== Fine tuning ===
loss: 0.6819 - acc: 0.5706 - val_loss: 0.5884 - val_acc: 0.7005
loss: 0.6682 - acc: 0.5929 - val_loss: 0.5791 - val_acc: 0.7432
loss: 0.6781 - acc: 0.5776 - val_loss: 0.6664 - val_acc: 0.5833
loss: 0.6602 - acc: 0.5941 - val_loss: 0.7076 - val_acc: 0.5135
loss: 0.6756 - acc: 0.5776 - val_loss: 0.6024 - val_acc: 0.6959
loss: 0.6718 - acc: 0.5900 - val_loss: 0.5895 - val_acc: 0.7320
=== Held out: 4 ===
=== General training ===
loss: 0.7066 - acc: 0.5506 - val_loss: 0.7596 - val_acc: 0.3371
loss: 0.6999 - acc: 0.5526 - val_loss: 0.6746 - val_acc: 0.5649
loss: 0.7020 - acc: 0.5560 - val_loss: 0.5870 - val_acc: 0.8497
loss: 0.6907 - acc: 0.5529 - val_loss: 0.7298 - val_acc: 0.2973
loss: 0.6839 - acc: 0.5701 - val_loss: 0.5859 - val_acc: 0.8223
loss: 0.6867 - acc: 0.5549 - val_loss: 0.6136 - val_acc: 0.8292
loss: 0.6760 - acc: 0.5752 - val_loss: 0.7187 - val_acc: 0.3610
loss: 0.6727 - acc: 0.5908 - val_loss: 0.6558 - val_acc: 0.6720
loss: 0.6699 - acc: 0.5888 - val_loss: 0.8291 - val_acc: 0.1822
=== Fine tuning ===
loss: 0.6938 - acc: 0.5287 - val_loss: 0.8211 - val_acc: 0.2399
loss: 0.6793 - acc: 0.5744 - val_loss: 0.6205 - val_acc: 0.6885
loss: 0.6854 - acc: 0.5566 - val_loss: 0.6554 - val_acc: 0.6417
loss: 0.6751 - acc: 0.5729 - val_loss: 0.6633 - val_acc: 0.5981
loss: 0.6704 - acc: 0.5977 - val_loss: 0.5752 - val_acc: 0.7508
loss: 0.6712 - acc: 0.5938 - val_loss: 0.7163 - val_acc: 0.5639
loss: 0.6589 - acc: 0.6062 - val_loss: 0.5989 - val_acc: 0.6916
loss: 0.6700 - acc: 0.5698 - val_loss: 0.6663 - val_acc: 0.5327
loss: 0.6620 - acc: 0.6155 - val_loss: 0.9007 - val_acc: 0.3458
32,5,64,5,3,576,120,200 --- elu
=== Held out: 1 ===
=== General training ===
loss: 0.7025 - acc: 0.5521 - val_loss: 0.7020 - val_acc: 0.5809
loss: 0.6880 - acc: 0.5606 - val_loss: 0.6602 - val_acc: 0.7096
loss: 0.6843 - acc: 0.5695 - val_loss: 0.5786 - val_acc: 0.8255
loss: 0.6806 - acc: 0.5782 - val_loss: 0.6479 - val_acc: 0.8051
loss: 0.6770 - acc: 0.5727 - val_loss: 0.6584 - val_acc: 0.7973
loss: 0.6796 - acc: 0.5666 - val_loss: 0.6065 - val_acc: 0.7953
loss: 0.6711 - acc: 0.5838 - val_loss: 0.6409 - val_acc: 0.8314
=== Fine tuning ===
loss: 0.6451 - acc: 0.5991 - val_loss: 0.6616 - val_acc: 0.7168
loss: 0.6489 - acc: 0.6034 - val_loss: 0.6972 - val_acc: 0.5318
loss: 0.6343 - acc: 0.6264 - val_loss: 0.5500 - val_acc: 0.8439
loss: 0.6401 - acc: 0.6049 - val_loss: 0.6168 - val_acc: 0.8324
loss: 0.6372 - acc: 0.6135 - val_loss: 0.6628 - val_acc: 0.7052
loss: 0.6276 - acc: 0.6307 - val_loss: 0.5840 - val_acc: 0.8266
loss: 0.6145 - acc: 0.6379 - val_loss: 0.6914 - val_acc: 0.5896
=== Held out: 2 ===
=== General training ===
loss: 0.7019 - acc: 0.5522 - val_loss: 0.7791 - val_acc: 0.3312
loss: 0.6925 - acc: 0.5624 - val_loss: 0.7496 - val_acc: 0.4380
loss: 0.6727 - acc: 0.5894 - val_loss: 0.7380 - val_acc: 0.4177
loss: 0.6665 - acc: 0.5946 - val_loss: 0.6487 - val_acc: 0.6720
loss: 0.6560 - acc: 0.6203 - val_loss: 0.6609 - val_acc: 0.5673
loss: 0.6390 - acc: 0.6338 - val_loss: 0.6208 - val_acc: 0.6186
loss: 0.6256 - acc: 0.6526 - val_loss: 0.5583 - val_acc: 0.7265
loss: 0.6204 - acc: 0.6656 - val_loss: 0.6344 - val_acc: 0.6581
loss: 0.6151 - acc: 0.6634 - val_loss: 0.8119 - val_acc: 0.5182
loss: 0.6173 - acc: 0.6675 - val_loss: 0.5550 - val_acc: 0.7094
loss: 0.6102 - acc: 0.6650 - val_loss: 0.6379 - val_acc: 0.6378
loss: 0.6033 - acc: 0.6650 - val_loss: 0.6408 - val_acc: 0.6261
loss: 0.6037 - acc: 0.6667 - val_loss: 0.5763 - val_acc: 0.6891
loss: 0.6028 - acc: 0.6736 - val_loss: 0.5728 - val_acc: 0.7019
=== Fine tuning ===
loss: 0.5923 - acc: 0.6932 - val_loss: 0.5158 - val_acc: 0.7452
loss: 0.5482 - acc: 0.7244 - val_loss: 0.5531 - val_acc: 0.7110
loss: 0.5271 - acc: 0.7400 - val_loss: 0.5495 - val_acc: 0.7262
loss: 0.4814 - acc: 0.7773 - val_loss: 0.4397 - val_acc: 0.8023
loss: 0.4293 - acc: 0.8076 - val_loss: 0.8156 - val_acc: 0.5932
loss: 0.4542 - acc: 0.7981 - val_loss: 0.6474 - val_acc: 0.6654
loss: 0.4178 - acc: 0.7972 - val_loss: 0.3939 - val_acc: 0.8555
loss: 0.3994 - acc: 0.8224 - val_loss: 0.5565 - val_acc: 0.6996
loss: 0.4002 - acc: 0.8206 - val_loss: 0.5186 - val_acc: 0.7452
loss: 0.3891 - acc: 0.8198 - val_loss: 0.3419 - val_acc: 0.8517
loss: 0.3698 - acc: 0.8258 - val_loss: 0.3079 - val_acc: 0.8669
loss: 0.4002 - acc: 0.8154 - val_loss: 0.2867 - val_acc: 0.8859
loss: 0.3687 - acc: 0.8423 - val_loss: 0.4441 - val_acc: 0.8137
loss: 0.3523 - acc: 0.8432 - val_loss: 0.3915 - val_acc: 0.8289
loss: 0.3552 - acc: 0.8406 - val_loss: 0.4146 - val_acc: 0.8555
loss: 0.3293 - acc: 0.8527 - val_loss: 0.4157 - val_acc: 0.8213
=== Held out: 3 ===
=== General training ===
loss: 0.7102 - acc: 0.5520 - val_loss: 0.5094 - val_acc: 0.8730
loss: 0.6955 - acc: 0.5593 - val_loss: 0.6279 - val_acc: 0.6296
loss: 0.6845 - acc: 0.5660 - val_loss: 0.6138 - val_acc: 0.7963
loss: 0.6877 - acc: 0.5526 - val_loss: 0.6117 - val_acc: 0.8810
loss: 0.6900 - acc: 0.5456 - val_loss: 0.6338 - val_acc: 0.8730
=== Fine tuning ===
loss: 0.6801 - acc: 0.5624 - val_loss: 0.6174 - val_acc: 0.7140
loss: 0.6714 - acc: 0.5869 - val_loss: 0.7536 - val_acc: 0.5405
loss: 0.6592 - acc: 0.6079 - val_loss: 0.6757 - val_acc: 0.5653
loss: 0.6511 - acc: 0.6001 - val_loss: 0.7404 - val_acc: 0.4482
loss: 0.6549 - acc: 0.6169 - val_loss: 0.5984 - val_acc: 0.6779
loss: 0.6532 - acc: 0.6061 - val_loss: 0.6635 - val_acc: 0.6171
loss: 0.6492 - acc: 0.6097 - val_loss: 0.7588 - val_acc: 0.4977
loss: 0.6501 - acc: 0.6187 - val_loss: 0.6664 - val_acc: 0.6036
loss: 0.6433 - acc: 0.6211 - val_loss: 0.7534 - val_acc: 0.4910
=== Held out: 4 ===
=== General training ===
loss: 0.7040 - acc: 0.5487 - val_loss: 0.5826 - val_acc: 0.8508
loss: 0.6863 - acc: 0.5566 - val_loss: 0.7471 - val_acc: 0.4476
loss: 0.6827 - acc: 0.5595 - val_loss: 0.7485 - val_acc: 0.4772
loss: 0.6748 - acc: 0.5784 - val_loss: 0.7275 - val_acc: 0.6082
loss: 0.6713 - acc: 0.5824 - val_loss: 0.6168 - val_acc: 0.7802
=== Fine tuning ===
loss: 0.6954 - acc: 0.5730 - val_loss: 0.5834 - val_acc: 0.7944
loss: 0.6573 - acc: 0.6217 - val_loss: 0.6782 - val_acc: 0.6075
loss: 0.6637 - acc: 0.6060 - val_loss: 0.5969 - val_acc: 0.7040
loss: 0.6581 - acc: 0.6091 - val_loss: 0.5897 - val_acc: 0.7040
loss: 0.6465 - acc: 0.6209 - val_loss: 0.7137 - val_acc: 0.5514
32,5,64,5,3,576,120,200 --- relu
=== Held out: 1 ===
=== General training ===
loss: 0.7001 - acc: 0.5433 - val_loss: 0.7461 - val_acc: 0.1696
loss: 0.6842 - acc: 0.5634 - val_loss: 0.8662 - val_acc: 0.1637
loss: 0.6813 - acc: 0.5603 - val_loss: 0.6870 - val_acc: 0.5205
loss: 0.6837 - acc: 0.5496 - val_loss: 0.6495 - val_acc: 0.6735
loss: 0.6754 - acc: 0.5634 - val_loss: 0.5515 - val_acc: 0.7856
loss: 0.6716 - acc: 0.5921 - val_loss: 0.6117 - val_acc: 0.6842
loss: 0.6585 - acc: 0.6179 - val_loss: 0.6256 - val_acc: 0.6423
loss: 0.6440 - acc: 0.6276 - val_loss: 0.5373 - val_acc: 0.7700
loss: 0.6441 - acc: 0.6308 - val_loss: 0.5943 - val_acc: 0.6686
loss: 0.6459 - acc: 0.6317 - val_loss: 0.6232 - val_acc: 0.6442
loss: 0.6519 - acc: 0.6223 - val_loss: 0.6562 - val_acc: 0.5828
loss: 0.6326 - acc: 0.6531 - val_loss: 0.6394 - val_acc: 0.6881
=== Fine tuning ===
loss: 0.6300 - acc: 0.6485 - val_loss: 0.5775 - val_acc: 0.6358
loss: 0.6188 - acc: 0.6588 - val_loss: 0.6058 - val_acc: 0.6416
loss: 0.6195 - acc: 0.6412 - val_loss: 0.5395 - val_acc: 0.6994
loss: 0.5974 - acc: 0.6632 - val_loss: 0.5734 - val_acc: 0.7110
loss: 0.5897 - acc: 0.6912 - val_loss: 0.5462 - val_acc: 0.7688
loss: 0.6045 - acc: 0.6721 - val_loss: 0.4844 - val_acc: 0.8324
loss: 0.5997 - acc: 0.6779 - val_loss: 0.6225 - val_acc: 0.6879
loss: 0.5779 - acc: 0.7000 - val_loss: 0.5914 - val_acc: 0.6994
loss: 0.5545 - acc: 0.7088 - val_loss: 0.5005 - val_acc: 0.7514
loss: 0.5687 - acc: 0.7000 - val_loss: 0.4984 - val_acc: 0.7861
=== Held out: 2 ===
=== General training ===
loss: 0.6991 - acc: 0.5263 - val_loss: 0.6999 - val_acc: 0.5716
loss: 0.6844 - acc: 0.5619 - val_loss: 0.6755 - val_acc: 0.5705
loss: 0.6740 - acc: 0.5816 - val_loss: 0.6270 - val_acc: 0.7212
loss: 0.6736 - acc: 0.5729 - val_loss: 0.7307 - val_acc: 0.4509
loss: 0.6693 - acc: 0.5803 - val_loss: 0.6573 - val_acc: 0.5919
loss: 0.6702 - acc: 0.5811 - val_loss: 0.7190 - val_acc: 0.5224
loss: 0.6604 - acc: 0.6038 - val_loss: 0.6744 - val_acc: 0.5748
=== Fine tuning ===
loss: 0.6338 - acc: 0.6431 - val_loss: 0.5420 - val_acc: 0.7909
loss: 0.5971 - acc: 0.6871 - val_loss: 0.5551 - val_acc: 0.7262
loss: 0.5362 - acc: 0.7310 - val_loss: 0.4995 - val_acc: 0.8251
loss: 0.4926 - acc: 0.7707 - val_loss: 0.5393 - val_acc: 0.7567
loss: 0.4618 - acc: 0.7767 - val_loss: 0.4439 - val_acc: 0.8137
loss: 0.4672 - acc: 0.7836 - val_loss: 0.4135 - val_acc: 0.8251
loss: 0.4921 - acc: 0.7595 - val_loss: 0.3777 - val_acc: 0.8327
loss: 0.4575 - acc: 0.7966 - val_loss: 0.3620 - val_acc: 0.8555
loss: 0.4369 - acc: 0.7957 - val_loss: 0.3365 - val_acc: 0.8631
loss: 0.4340 - acc: 0.7991 - val_loss: 0.3465 - val_acc: 0.8555
loss: 0.4147 - acc: 0.8017 - val_loss: 0.3684 - val_acc: 0.8707
loss: 0.4141 - acc: 0.8155 - val_loss: 0.3929 - val_acc: 0.8441
loss: 0.4041 - acc: 0.8121 - val_loss: 0.3868 - val_acc: 0.8251
=== Held out: 3 ===
=== General training ===
loss: 0.6832 - acc: 0.5649 - val_loss: 0.6538 - val_acc: 0.6349
loss: 0.6902 - acc: 0.5517 - val_loss: 0.6707 - val_acc: 0.7500
loss: 0.6810 - acc: 0.5530 - val_loss: 0.5664 - val_acc: 0.8651
loss: 0.6818 - acc: 0.5552 - val_loss: 0.6101 - val_acc: 0.8836
loss: 0.6706 - acc: 0.5830 - val_loss: 0.5043 - val_acc: 0.8585
loss: 0.6655 - acc: 0.5911 - val_loss: 0.6115 - val_acc: 0.6944
loss: 0.6597 - acc: 0.6066 - val_loss: 0.5137 - val_acc: 0.8876
loss: 0.6462 - acc: 0.6331 - val_loss: 0.5511 - val_acc: 0.8413
loss: 0.6521 - acc: 0.6156 - val_loss: 0.5629 - val_acc: 0.8426
=== Fine tuning ===
loss: 0.6855 - acc: 0.5667 - val_loss: 0.6101 - val_acc: 0.8041
loss: 0.6748 - acc: 0.5649 - val_loss: 0.5994 - val_acc: 0.7275
loss: 0.6674 - acc: 0.5863 - val_loss: 0.5534 - val_acc: 0.7950
loss: 0.6710 - acc: 0.5798 - val_loss: 0.5948 - val_acc: 0.7320
loss: 0.6752 - acc: 0.5952 - val_loss: 0.5714 - val_acc: 0.7905
loss: 0.6613 - acc: 0.5923 - val_loss: 0.6646 - val_acc: 0.5721
loss: 0.6584 - acc: 0.5976 - val_loss: 0.6459 - val_acc: 0.6306
=== Held out: 4 ===
=== General training ===
loss: 0.6790 - acc: 0.5687 - val_loss: 0.5785 - val_acc: 0.7210
loss: 0.6627 - acc: 0.5959 - val_loss: 0.6772 - val_acc: 0.6925
loss: 0.6545 - acc: 0.6131 - val_loss: 0.5523 - val_acc: 0.7904
loss: 0.6523 - acc: 0.6151 - val_loss: 0.7048 - val_acc: 0.5672
loss: 0.6232 - acc: 0.6570 - val_loss: 0.6798 - val_acc: 0.5718
loss: 0.6250 - acc: 0.6482 - val_loss: 0.5241 - val_acc: 0.7677
loss: 0.6110 - acc: 0.6629 - val_loss: 0.6003 - val_acc: 0.7472
loss: 0.6088 - acc: 0.6609 - val_loss: 0.6133 - val_acc: 0.6822
loss: 0.5930 - acc: 0.6799 - val_loss: 0.5865 - val_acc: 0.6777
loss: 0.5796 - acc: 0.7005 - val_loss: 0.5442 - val_acc: 0.7039
=== Fine tuning ===
loss: 0.6599 - acc: 0.6248 - val_loss: 0.5668 - val_acc: 0.7445
loss: 0.6339 - acc: 0.6413 - val_loss: 0.6417 - val_acc: 0.6386
loss: 0.6128 - acc: 0.6586 - val_loss: 0.6180 - val_acc: 0.6168
loss: 0.6138 - acc: 0.6633 - val_loss: 0.6928 - val_acc: 0.5265
loss: 0.6009 - acc: 0.6727 - val_loss: 0.6306 - val_acc: 0.6168
64,10,128,10,3,768,300,200 --- linear
=== Held out: 1 ===
=== General training ===
loss: 0.7538 - acc: 0.5127 - val_loss: 0.8529 - val_acc: 0.1267
loss: 0.7322 - acc: 0.5241 - val_loss: 0.7479 - val_acc: 0.2047
loss: 0.7243 - acc: 0.5100 - val_loss: 0.6370 - val_acc: 0.8665
loss: 0.7392 - acc: 0.5024 - val_loss: 0.6757 - val_acc: 0.7417
loss: 0.7233 - acc: 0.5127 - val_loss: 0.7839 - val_acc: 0.1345
loss: 0.7069 - acc: 0.5161 - val_loss: 0.6551 - val_acc: 0.8655
loss: 0.7077 - acc: 0.5063 - val_loss: 0.7161 - val_acc: 0.1901
=== Fine tuning ===
loss: 0.6955 - acc: 0.5304 - val_loss: 0.6026 - val_acc: 0.8728
loss: 0.6853 - acc: 0.5406 - val_loss: 0.5452 - val_acc: 0.8728
loss: 0.6848 - acc: 0.5522 - val_loss: 0.5991 - val_acc: 0.8728
loss: 0.6766 - acc: 0.5580 - val_loss: 0.6247 - val_acc: 0.8208
loss: 0.6765 - acc: 0.5580 - val_loss: 0.7305 - val_acc: 0.3988
loss: 0.6770 - acc: 0.5449 - val_loss: 0.6920 - val_acc: 0.5029
=== Held out: 2 ===
=== General training ===
loss: 0.7359 - acc: 0.5362 - val_loss: 0.6504 - val_acc: 0.7991
loss: 0.7316 - acc: 0.5291 - val_loss: 0.7120 - val_acc: 0.5096
loss: 0.7103 - acc: 0.5368 - val_loss: 0.9700 - val_acc: 0.1581
loss: 0.7187 - acc: 0.5132 - val_loss: 0.6484 - val_acc: 0.6966
loss: 0.7037 - acc: 0.5299 - val_loss: 0.5700 - val_acc: 0.8323
loss: 0.7129 - acc: 0.5321 - val_loss: 0.6435 - val_acc: 0.7810
loss: 0.6922 - acc: 0.5439 - val_loss: 0.6428 - val_acc: 0.7628
loss: 0.6909 - acc: 0.5401 - val_loss: 0.7777 - val_acc: 0.2169
loss: 0.6905 - acc: 0.5494 - val_loss: 0.7261 - val_acc: 0.3173
=== Fine tuning ===
loss: 0.6811 - acc: 0.5479 - val_loss: 0.5877 - val_acc: 0.8479
loss: 0.6709 - acc: 0.5676 - val_loss: 0.6639 - val_acc: 0.6502
loss: 0.6652 - acc: 0.5839 - val_loss: 0.7443 - val_acc: 0.4411
loss: 0.6462 - acc: 0.6027 - val_loss: 0.7114 - val_acc: 0.5399
loss: 0.6023 - acc: 0.6747 - val_loss: 0.6864 - val_acc: 0.5513
=== Held out: 3 ===
=== General training ===
loss: 0.7572 - acc: 0.5224 - val_loss: 0.4909 - val_acc: 0.8862
loss: 0.7456 - acc: 0.5153 - val_loss: 0.5469 - val_acc: 0.8823
loss: 0.7209 - acc: 0.5230 - val_loss: 0.6866 - val_acc: 0.6349
loss: 0.7199 - acc: 0.5272 - val_loss: 0.7010 - val_acc: 0.4484
loss: 0.7081 - acc: 0.5128 - val_loss: 0.8850 - val_acc: 0.1098
=== Fine tuning ===
loss: 0.7027 - acc: 0.5323 - val_loss: 0.6060 - val_acc: 0.8266
loss: 0.7010 - acc: 0.5329 - val_loss: 0.5698 - val_acc: 0.8198
loss: 0.7264 - acc: 0.5156 - val_loss: 0.8780 - val_acc: 0.2477
loss: 0.7240 - acc: 0.4988 - val_loss: 0.7042 - val_acc: 0.3311
loss: 0.6917 - acc: 0.5233 - val_loss: 0.6913 - val_acc: 0.3671
loss: 0.6800 - acc: 0.5526 - val_loss: 0.5440 - val_acc: 0.8221
loss: 0.6875 - acc: 0.5478 - val_loss: 0.7899 - val_acc: 0.2410
loss: 0.6827 - acc: 0.5371 - val_loss: 0.7609 - val_acc: 0.2387
loss: 0.6848 - acc: 0.5383 - val_loss: 0.6463 - val_acc: 0.8108
loss: 0.6847 - acc: 0.5269 - val_loss: 0.7257 - val_acc: 0.2680
=== Held out: 4 ===
=== General training ===
loss: 0.7571 - acc: 0.5140 - val_loss: 0.5413 - val_acc: 0.8759
loss: 0.7346 - acc: 0.5260 - val_loss: 0.7577 - val_acc: 0.1185
loss: 0.7245 - acc: 0.5392 - val_loss: 0.4022 - val_acc: 0.8793
loss: 0.7177 - acc: 0.5254 - val_loss: 0.8613 - val_acc: 0.1959
loss: 0.7044 - acc: 0.5420 - val_loss: 0.6494 - val_acc: 0.8736
loss: 0.7158 - acc: 0.5186 - val_loss: 0.5046 - val_acc: 0.8804
loss: 0.7024 - acc: 0.5229 - val_loss: 0.9262 - val_acc: 0.1241
=== Fine tuning ===
loss: 0.7170 - acc: 0.4953 - val_loss: 0.6862 - val_acc: 0.5670
loss: 0.7072 - acc: 0.4898 - val_loss: 0.8842 - val_acc: 0.1402
loss: 0.7014 - acc: 0.5212 - val_loss: 0.6394 - val_acc: 0.8567
loss: 0.6989 - acc: 0.5259 - val_loss: 0.5554 - val_acc: 0.8536
loss: 0.7039 - acc: 0.5102 - val_loss: 0.6446 - val_acc: 0.8224
loss: 0.7005 - acc: 0.5228 - val_loss: 0.6279 - val_acc: 0.7882
loss: 0.7021 - acc: 0.5267 - val_loss: 0.8281 - val_acc: 0.1402
loss: 0.7002 - acc: 0.5220 - val_loss: 0.7261 - val_acc: 0.3769
64,10,128,10,3,768,300,200 --- elu
=== Held out: 1 ===
=== General training ===
loss: 0.7264 - acc: 0.5242 - val_loss: 0.8758 - val_acc: 0.1413
loss: 0.7146 - acc: 0.5259 - val_loss: 0.5997 - val_acc: 0.8343
loss: 0.7034 - acc: 0.5228 - val_loss: 0.6494 - val_acc: 0.8460
loss: 0.7032 - acc: 0.5378 - val_loss: 0.7517 - val_acc: 0.1550
loss: 0.6988 - acc: 0.5390 - val_loss: 0.6996 - val_acc: 0.4288
loss: 0.6957 - acc: 0.5390 - val_loss: 0.5367 - val_acc: 0.8246
loss: 0.6975 - acc: 0.5286 - val_loss: 0.8495 - val_acc: 0.1404
loss: 0.6983 - acc: 0.5201 - val_loss: 0.5526 - val_acc: 0.8528
loss: 0.6963 - acc: 0.5230 - val_loss: 0.6946 - val_acc: 0.5887
loss: 0.6949 - acc: 0.5230 - val_loss: 0.5900 - val_acc: 0.8324
=== Fine tuning ===
loss: 0.6650 - acc: 0.5621 - val_loss: 0.5507 - val_acc: 0.8266
loss: 0.6356 - acc: 0.6344 - val_loss: 0.5788 - val_acc: 0.8092
loss: 0.6437 - acc: 0.6344 - val_loss: 0.6004 - val_acc: 0.6705
loss: 0.6434 - acc: 0.6344 - val_loss: 0.5823 - val_acc: 0.7919
loss: 0.6229 - acc: 0.6431 - val_loss: 0.5530 - val_acc: 0.7630
=== Held out: 2 ===
=== General training ===
loss: 0.7363 - acc: 0.5300 - val_loss: 0.5080 - val_acc: 0.8568
loss: 0.7091 - acc: 0.5477 - val_loss: 0.5621 - val_acc: 0.8526
loss: 0.6937 - acc: 0.5562 - val_loss: 0.7124 - val_acc: 0.3814
loss: 0.6928 - acc: 0.5631 - val_loss: 0.7519 - val_acc: 0.4359
loss: 0.6760 - acc: 0.5901 - val_loss: 0.4651 - val_acc: 0.8280
loss: 0.6642 - acc: 0.6083 - val_loss: 0.7066 - val_acc: 0.4103
loss: 0.6557 - acc: 0.6124 - val_loss: 0.6889 - val_acc: 0.5716
loss: 0.6341 - acc: 0.6402 - val_loss: 0.6954 - val_acc: 0.5491
loss: 0.6293 - acc: 0.6438 - val_loss: 0.5403 - val_acc: 0.6934
=== Fine tuning ===
loss: 0.6588 - acc: 0.6229 - val_loss: 0.5858 - val_acc: 0.6388
loss: 0.5974 - acc: 0.6770 - val_loss: 0.5413 - val_acc: 0.7186
loss: 0.5485 - acc: 0.7096 - val_loss: 0.4811 - val_acc: 0.7681
loss: 0.4696 - acc: 0.7844 - val_loss: 0.4776 - val_acc: 0.7529
loss: 0.4320 - acc: 0.8076 - val_loss: 0.4027 - val_acc: 0.8289
loss: 0.3882 - acc: 0.8454 - val_loss: 0.3511 - val_acc: 0.8555
loss: 0.3810 - acc: 0.8359 - val_loss: 0.4841 - val_acc: 0.7795
loss: 0.3720 - acc: 0.8359 - val_loss: 0.3796 - val_acc: 0.8631
loss: 0.4135 - acc: 0.8136 - val_loss: 0.5025 - val_acc: 0.7719
loss: 0.3426 - acc: 0.8540 - val_loss: 0.3958 - val_acc: 0.8517
=== Held out: 3 ===
=== General training ===
loss: 0.7422 - acc: 0.5303 - val_loss: 0.7425 - val_acc: 0.1336
loss: 0.7159 - acc: 0.5283 - val_loss: 0.7338 - val_acc: 0.1270
loss: 0.7323 - acc: 0.5196 - val_loss: 0.7905 - val_acc: 0.0939
loss: 0.7218 - acc: 0.5161 - val_loss: 0.5729 - val_acc: 0.9008
loss: 0.7164 - acc: 0.5293 - val_loss: 0.6057 - val_acc: 0.9021
loss: 0.7112 - acc: 0.5142 - val_loss: 0.6261 - val_acc: 0.8690
loss: 0.7007 - acc: 0.5348 - val_loss: 0.8173 - val_acc: 0.1019
loss: 0.7044 - acc: 0.5341 - val_loss: 0.5880 - val_acc: 0.9034
=== Fine tuning ===
loss: 0.7031 - acc: 0.5096 - val_loss: 0.6296 - val_acc: 0.7860
loss: 0.7055 - acc: 0.5372 - val_loss: 0.7548 - val_acc: 0.1734
loss: 0.7100 - acc: 0.4988 - val_loss: 0.5934 - val_acc: 0.8153
loss: 0.7002 - acc: 0.5228 - val_loss: 0.6120 - val_acc: 0.8153
loss: 0.7026 - acc: 0.5192 - val_loss: 0.7318 - val_acc: 0.1824
loss: 0.6943 - acc: 0.5258 - val_loss: 0.7256 - val_acc: 0.2815
loss: 0.6929 - acc: 0.5180 - val_loss: 0.6887 - val_acc: 0.7928
=== Held out: 4 ===
=== General training ===
loss: 0.7358 - acc: 0.5345 - val_loss: 0.5266 - val_acc: 0.8405
loss: 0.7102 - acc: 0.5417 - val_loss: 0.7174 - val_acc: 0.3280
loss: 0.7097 - acc: 0.5384 - val_loss: 0.5389 - val_acc: 0.8337
loss: 0.6952 - acc: 0.5524 - val_loss: 0.8532 - val_acc: 0.1549
loss: 0.6777 - acc: 0.5731 - val_loss: 0.5863 - val_acc: 0.7950
=== Fine tuning ===
loss: 0.7110 - acc: 0.5373 - val_loss: 0.5661 - val_acc: 0.8037
loss: 0.6669 - acc: 0.6042 - val_loss: 0.9135 - val_acc: 0.2679
loss: 0.6645 - acc: 0.5879 - val_loss: 0.6265 - val_acc: 0.6324
loss: 0.6582 - acc: 0.6128 - val_loss: 0.7158 - val_acc: 0.4143
loss: 0.6985 - acc: 0.5653 - val_loss: 0.6392 - val_acc: 0.5826
64,10,128,10,3,768,300,200 --- relu
=== Held out: 1 ===
=== General training ===
loss: 0.7251 - acc: 0.5029 - val_loss: 0.6253 - val_acc: 0.8392
loss: 0.6995 - acc: 0.5017 - val_loss: 0.7330 - val_acc: 0.1472
loss: 0.6965 - acc: 0.5116 - val_loss: 0.6793 - val_acc: 0.7836
loss: 0.6970 - acc: 0.5041 - val_loss: 0.7070 - val_acc: 0.1540
loss: 0.6923 - acc: 0.5220 - val_loss: 0.6406 - val_acc: 0.8285
=== Fine tuning ===
loss: 0.6666 - acc: 0.5548 - val_loss: 0.6322 - val_acc: 0.8150
loss: 0.6557 - acc: 0.6052 - val_loss: 0.5910 - val_acc: 0.7803
loss: 0.6461 - acc: 0.5965 - val_loss: 0.6506 - val_acc: 0.7399
loss: 0.6365 - acc: 0.6210 - val_loss: 0.5873 - val_acc: 0.8439
loss: 0.6536 - acc: 0.5937 - val_loss: 0.5387 - val_acc: 0.8382
loss: 0.6450 - acc: 0.6095 - val_loss: 0.5953 - val_acc: 0.8266
loss: 0.6487 - acc: 0.5951 - val_loss: 0.6697 - val_acc: 0.8324
loss: 0.6328 - acc: 0.6037 - val_loss: 0.6191 - val_acc: 0.8266
loss: 0.6270 - acc: 0.6081 - val_loss: 0.6064 - val_acc: 0.8208
=== Held out: 2 ===
=== General training ===
loss: 0.7140 - acc: 0.5187 - val_loss: 0.8110 - val_acc: 0.1816
loss: 0.7066 - acc: 0.5046 - val_loss: 0.6948 - val_acc: 0.4370
loss: 0.6932 - acc: 0.5233 - val_loss: 0.6794 - val_acc: 0.6229
loss: 0.6952 - acc: 0.5239 - val_loss: 0.7376 - val_acc: 0.2297
loss: 0.6948 - acc: 0.5165 - val_loss: 0.6681 - val_acc: 0.7970
loss: 0.6884 - acc: 0.5450 - val_loss: 0.7687 - val_acc: 0.2318
loss: 0.6893 - acc: 0.5328 - val_loss: 0.6643 - val_acc: 0.8002
loss: 0.6897 - acc: 0.5434 - val_loss: 0.6560 - val_acc: 0.7735
loss: 0.6815 - acc: 0.5594 - val_loss: 0.6686 - val_acc: 0.6314
loss: 0.6850 - acc: 0.5586 - val_loss: 0.6297 - val_acc: 0.7938
loss: 0.6945 - acc: 0.5255 - val_loss: 0.7438 - val_acc: 0.2190
loss: 0.6907 - acc: 0.5345 - val_loss: 0.6825 - val_acc: 0.5513
loss: 0.6795 - acc: 0.5733 - val_loss: 0.6328 - val_acc: 0.7628
loss: 0.6688 - acc: 0.5857 - val_loss: 0.6360 - val_acc: 0.6677
=== Fine tuning ===
loss: 0.6704 - acc: 0.5959 - val_loss: 0.5897 - val_acc: 0.7947
loss: 0.6486 - acc: 0.6140 - val_loss: 0.5302 - val_acc: 0.8669
loss: 0.6443 - acc: 0.6036 - val_loss: 0.6327 - val_acc: 0.7490
loss: 0.6207 - acc: 0.6434 - val_loss: 0.6125 - val_acc: 0.6996
loss: 0.6243 - acc: 0.6459 - val_loss: 0.6758 - val_acc: 0.5894
loss: 0.6069 - acc: 0.6598 - val_loss: 0.5940 - val_acc: 0.7452
=== Held out: 3 ===
=== General training ===
loss: 0.7130 - acc: 0.5296 - val_loss: 0.5331 - val_acc: 0.8796
loss: 0.6951 - acc: 0.5440 - val_loss: 0.8057 - val_acc: 0.1019
loss: 0.6854 - acc: 0.5517 - val_loss: 0.6174 - val_acc: 0.8426
loss: 0.6713 - acc: 0.5659 - val_loss: 0.6636 - val_acc: 0.7394
loss: 0.6638 - acc: 0.5890 - val_loss: 0.6315 - val_acc: 0.7989
=== Fine tuning ===
loss: 0.6819 - acc: 0.5702 - val_loss: 0.7521 - val_acc: 0.3626
loss: 0.6792 - acc: 0.5863 - val_loss: 0.8858 - val_acc: 0.2297
loss: 0.6921 - acc: 0.5512 - val_loss: 0.6090 - val_acc: 0.7680
loss: 0.6725 - acc: 0.5756 - val_loss: 0.6331 - val_acc: 0.7477
loss: 0.6773 - acc: 0.5774 - val_loss: 0.7412 - val_acc: 0.4257
loss: 0.6717 - acc: 0.5815 - val_loss: 0.6817 - val_acc: 0.5833
loss: 0.6709 - acc: 0.5714 - val_loss: 0.6189 - val_acc: 0.7703
=== Held out: 4 ===
=== General training ===
loss: 0.7091 - acc: 0.5193 - val_loss: 0.6269 - val_acc: 0.8440
loss: 0.6881 - acc: 0.5411 - val_loss: 0.6781 - val_acc: 0.6344
loss: 0.6924 - acc: 0.5374 - val_loss: 0.6689 - val_acc: 0.6663
loss: 0.6832 - acc: 0.5590 - val_loss: 0.5680 - val_acc: 0.8713
loss: 0.6751 - acc: 0.5754 - val_loss: 0.6090 - val_acc: 0.7528
loss: 0.6697 - acc: 0.5953 - val_loss: 0.6522 - val_acc: 0.7016
loss: 0.6553 - acc: 0.6157 - val_loss: 0.5553 - val_acc: 0.8178
loss: 0.6390 - acc: 0.6421 - val_loss: 0.6400 - val_acc: 0.6879
loss: 0.6320 - acc: 0.6466 - val_loss: 0.7114 - val_acc: 0.5615
loss: 0.5927 - acc: 0.6923 - val_loss: 0.4723 - val_acc: 0.7528
loss: 0.5731 - acc: 0.7138 - val_loss: 0.5122 - val_acc: 0.7312
loss: 0.5601 - acc: 0.7292 - val_loss: 0.5349 - val_acc: 0.7096
loss: 0.5479 - acc: 0.7402 - val_loss: 0.5349 - val_acc: 0.6868
loss: 0.5394 - acc: 0.7343 - val_loss: 0.5520 - val_acc: 0.7005
=== Fine tuning ===
loss: 0.6228 - acc: 0.6651 - val_loss: 0.5815 - val_acc: 0.6760
loss: 0.5830 - acc: 0.7036 - val_loss: 0.5573 - val_acc: 0.6542
loss: 0.5687 - acc: 0.7075 - val_loss: 0.5591 - val_acc: 0.6355
loss: 0.5393 - acc: 0.7390 - val_loss: 0.5541 - val_acc: 0.6667
loss: 0.5320 - acc: 0.7311 - val_loss: 0.5155 - val_acc: 0.7072
loss: 0.5137 - acc: 0.7555 - val_loss: 0.5185 - val_acc: 0.7072
loss: 0.5022 - acc: 0.7602 - val_loss: 0.7298 - val_acc: 0.5327
loss: 0.5002 - acc: 0.7406 - val_loss: 0.6849 - val_acc: 0.5732
loss: 0.4807 - acc: 0.7571 - val_loss: 0.5843 - val_acc: 0.6667
128,3,256,5,5,1536,500,300 --- linear
=== Held out: 1 ===
=== General training ===
loss: 0.7867 - acc: 0.5258 - val_loss: 0.8945 - val_acc: 0.1306
loss: 0.7548 - acc: 0.5146 - val_loss: 0.7840 - val_acc: 0.1940
loss: 0.7286 - acc: 0.5270 - val_loss: 0.7794 - val_acc: 0.2086
loss: 0.7339 - acc: 0.5139 - val_loss: 0.5284 - val_acc: 0.8684
loss: 0.7201 - acc: 0.5175 - val_loss: 0.6686 - val_acc: 0.8499
loss: 0.7102 - acc: 0.5222 - val_loss: 0.6657 - val_acc: 0.8460
loss: 0.7026 - acc: 0.5283 - val_loss: 0.5558 - val_acc: 0.8694
loss: 0.7084 - acc: 0.5173 - val_loss: 0.7753 - val_acc: 0.1355
=== Fine tuning ===
loss: 0.6895 - acc: 0.5385 - val_loss: 0.6927 - val_acc: 0.5087
loss: 0.6840 - acc: 0.5655 - val_loss: 0.6417 - val_acc: 0.8150
loss: 0.6789 - acc: 0.5413 - val_loss: 0.6200 - val_acc: 0.8266
loss: 0.6740 - acc: 0.5655 - val_loss: 0.5415 - val_acc: 0.8092
loss: 0.6759 - acc: 0.5698 - val_loss: 0.6226 - val_acc: 0.7803
loss: 0.6779 - acc: 0.5869 - val_loss: 0.7601 - val_acc: 0.2543
loss: 0.6728 - acc: 0.5655 - val_loss: 0.5351 - val_acc: 0.8150
loss: 0.6761 - acc: 0.5698 - val_loss: 0.6413 - val_acc: 0.7399
loss: 0.6598 - acc: 0.5912 - val_loss: 0.6757 - val_acc: 0.5549
loss: 0.6607 - acc: 0.5684 - val_loss: 0.5394 - val_acc: 0.8266
loss: 0.6739 - acc: 0.5684 - val_loss: 0.6873 - val_acc: 0.4798
=== Held out: 2 ===
=== General training ===
loss: 0.8050 - acc: 0.5151 - val_loss: 0.6551 - val_acc: 0.5652
loss: 0.7520 - acc: 0.5063 - val_loss: 0.7273 - val_acc: 0.3088
loss: 0.7139 - acc: 0.5317 - val_loss: 0.7794 - val_acc: 0.2009
loss: 0.7213 - acc: 0.5127 - val_loss: 0.8829 - val_acc: 0.1838
loss: 0.7249 - acc: 0.5407 - val_loss: 0.6124 - val_acc: 0.8365
loss: 0.7112 - acc: 0.5229 - val_loss: 0.7398 - val_acc: 0.3013
loss: 0.7065 - acc: 0.5240 - val_loss: 0.9098 - val_acc: 0.1538
loss: 0.6947 - acc: 0.5391 - val_loss: 0.7583 - val_acc: 0.2479
loss: 0.6940 - acc: 0.5471 - val_loss: 0.6935 - val_acc: 0.4882
=== Fine tuning ===
loss: 0.7042 - acc: 0.5283 - val_loss: 0.4878 - val_acc: 0.9240
loss: 0.6341 - acc: 0.6421 - val_loss: 0.6981 - val_acc: 0.6160
loss: 0.6298 - acc: 0.6507 - val_loss: 0.6000 - val_acc: 0.7795
loss: 0.5930 - acc: 0.6807 - val_loss: 0.8021 - val_acc: 0.5133
loss: 0.6209 - acc: 0.6652 - val_loss: 0.4172 - val_acc: 0.8859
loss: 0.5913 - acc: 0.7072 - val_loss: 0.4602 - val_acc: 0.8517
loss: 0.5727 - acc: 0.7038 - val_loss: 0.8488 - val_acc: 0.4639
loss: 0.6250 - acc: 0.6644 - val_loss: 0.5033 - val_acc: 0.7833
loss: 0.5810 - acc: 0.6952 - val_loss: 0.5517 - val_acc: 0.7414
=== Held out: 3 ===
=== General training ===
loss: 0.7791 - acc: 0.5193 - val_loss: 0.5914 - val_acc: 0.8638
loss: 0.7694 - acc: 0.5076 - val_loss: 0.7517 - val_acc: 0.2116
loss: 0.7444 - acc: 0.5209 - val_loss: 1.1393 - val_acc: 0.1349
loss: 0.7407 - acc: 0.5202 - val_loss: 0.8951 - val_acc: 0.1389
loss: 0.7219 - acc: 0.5323 - val_loss: 0.8165 - val_acc: 0.2632
=== Fine tuning ===
loss: 0.7163 - acc: 0.5438 - val_loss: 0.8896 - val_acc: 0.1959
loss: 0.7383 - acc: 0.5207 - val_loss: 0.6686 - val_acc: 0.5495
loss: 0.7004 - acc: 0.5456 - val_loss: 0.7661 - val_acc: 0.4122
loss: 0.7090 - acc: 0.5367 - val_loss: 0.5920 - val_acc: 0.7905
loss: 0.7207 - acc: 0.5231 - val_loss: 0.8034 - val_acc: 0.2072
loss: 0.6898 - acc: 0.5621 - val_loss: 0.6476 - val_acc: 0.6802
loss: 0.6894 - acc: 0.5574 - val_loss: 0.6814 - val_acc: 0.5968
loss: 0.6998 - acc: 0.5219 - val_loss: 0.8105 - val_acc: 0.2050
=== Held out: 4 ===
=== General training ===
loss: 0.7617 - acc: 0.5376 - val_loss: 0.7523 - val_acc: 0.3166
loss: 0.7147 - acc: 0.5535 - val_loss: 0.4278 - val_acc: 0.8736
loss: 0.7388 - acc: 0.5501 - val_loss: 0.6612 - val_acc: 0.6993
loss: 0.7054 - acc: 0.5430 - val_loss: 0.5369 - val_acc: 0.8588
loss: 0.7120 - acc: 0.5396 - val_loss: 0.6992 - val_acc: 0.5604
loss: 0.6908 - acc: 0.5672 - val_loss: 0.9886 - val_acc: 0.1344
=== Fine tuning ===
loss: 0.7458 - acc: 0.5236 - val_loss: 0.6058 - val_acc: 0.8255
loss: 0.7069 - acc: 0.5181 - val_loss: 0.5359 - val_acc: 0.8629
loss: 0.6987 - acc: 0.5150 - val_loss: 0.7826 - val_acc: 0.4361
loss: 0.6960 - acc: 0.5488 - val_loss: 0.8256 - val_acc: 0.3022
loss: 0.6975 - acc: 0.5528 - val_loss: 0.9117 - val_acc: 0.1340
loss: 0.6946 - acc: 0.5488 - val_loss: 0.7497 - val_acc: 0.4735
128,3,256,5,5,1536,500,300 --- elu
=== Held out: 1 ===
=== General training ===
loss: 0.7557 - acc: 0.5276 - val_loss: 1.0278 - val_acc: 0.1404
loss: 0.7256 - acc: 0.5259 - val_loss: 0.5556 - val_acc: 0.8470
loss: 0.7326 - acc: 0.5305 - val_loss: 0.9223 - val_acc: 0.1481
loss: 0.7152 - acc: 0.5373 - val_loss: 0.6675 - val_acc: 0.6803
loss: 0.7084 - acc: 0.5298 - val_loss: 0.5792 - val_acc: 0.8353
loss: 0.7000 - acc: 0.5448 - val_loss: 0.7335 - val_acc: 0.3402
=== Fine tuning ===
loss: 0.6803 - acc: 0.5508 - val_loss: 0.6738 - val_acc: 0.6532
loss: 0.6601 - acc: 0.6031 - val_loss: 0.5528 - val_acc: 0.7977
loss: 0.6568 - acc: 0.6158 - val_loss: 0.6082 - val_acc: 0.7514
loss: 0.6696 - acc: 0.5918 - val_loss: 0.6105 - val_acc: 0.7225
loss: 0.6720 - acc: 0.5805 - val_loss: 0.6826 - val_acc: 0.5665
loss: 0.6326 - acc: 0.6427 - val_loss: 0.5795 - val_acc: 0.7572
=== Held out: 2 ===
=== General training ===
loss: 0.7658 - acc: 0.5213 - val_loss: 0.5647 - val_acc: 0.8130
loss: 0.7222 - acc: 0.5393 - val_loss: 0.6339 - val_acc: 0.7318
loss: 0.7150 - acc: 0.5486 - val_loss: 0.6887 - val_acc: 0.5705
loss: 0.7118 - acc: 0.5385 - val_loss: 0.5784 - val_acc: 0.8013
loss: 0.6989 - acc: 0.5576 - val_loss: 0.5306 - val_acc: 0.8226
loss: 0.6958 - acc: 0.5649 - val_loss: 0.8143 - val_acc: 0.2201
loss: 0.6926 - acc: 0.5562 - val_loss: 0.6853 - val_acc: 0.5929
loss: 0.6832 - acc: 0.5597 - val_loss: 0.7502 - val_acc: 0.1859
loss: 0.6981 - acc: 0.5306 - val_loss: 0.8020 - val_acc: 0.2393
=== Fine tuning ===
loss: 0.6891 - acc: 0.5494 - val_loss: 0.5050 - val_acc: 0.9544
loss: 0.6687 - acc: 0.5910 - val_loss: 0.6815 - val_acc: 0.5817
loss: 0.6737 - acc: 0.5745 - val_loss: 0.5736 - val_acc: 0.8403
loss: 0.6332 - acc: 0.6447 - val_loss: 0.6329 - val_acc: 0.6616
loss: 0.6574 - acc: 0.6170 - val_loss: 0.6447 - val_acc: 0.7262
=== Held out: 3 ===
=== General training ===
loss: 0.7540 - acc: 0.5318 - val_loss: 0.8278 - val_acc: 0.1177
loss: 0.7296 - acc: 0.5356 - val_loss: 0.8087 - val_acc: 0.2328
loss: 0.7214 - acc: 0.5318 - val_loss: 0.8123 - val_acc: 0.1944
loss: 0.7215 - acc: 0.5226 - val_loss: 0.6660 - val_acc: 0.7302
loss: 0.7119 - acc: 0.5477 - val_loss: 0.6921 - val_acc: 0.5225
loss: 0.6949 - acc: 0.5455 - val_loss: 0.8144 - val_acc: 0.1177
loss: 0.7047 - acc: 0.5404 - val_loss: 0.7726 - val_acc: 0.1706
loss: 0.7009 - acc: 0.5407 - val_loss: 0.6708 - val_acc: 0.8360
=== Fine tuning ===
loss: 0.7028 - acc: 0.5262 - val_loss: 0.5854 - val_acc: 0.8108
loss: 0.6830 - acc: 0.5786 - val_loss: 0.6834 - val_acc: 0.5743
loss: 0.6998 - acc: 0.5387 - val_loss: 0.7243 - val_acc: 0.3266
loss: 0.6885 - acc: 0.5571 - val_loss: 0.6107 - val_acc: 0.7365
loss: 0.6778 - acc: 0.5815 - val_loss: 0.7173 - val_acc: 0.4257
=== Held out: 4 ===
=== General training ===
loss: 0.7582 - acc: 0.5375 - val_loss: 0.8361 - val_acc: 0.1913
loss: 0.6982 - acc: 0.5555 - val_loss: 0.7367 - val_acc: 0.4704
loss: 0.7166 - acc: 0.5330 - val_loss: 0.6444 - val_acc: 0.7050
loss: 0.6888 - acc: 0.5707 - val_loss: 0.6974 - val_acc: 0.6105
loss: 0.6885 - acc: 0.5608 - val_loss: 0.6617 - val_acc: 0.5513
loss: 0.6739 - acc: 0.5938 - val_loss: 0.7353 - val_acc: 0.5718
loss: 0.6763 - acc: 0.5777 - val_loss: 0.6249 - val_acc: 0.8121
loss: 0.6799 - acc: 0.5746 - val_loss: 0.7671 - val_acc: 0.3827
loss: 0.6685 - acc: 0.5806 - val_loss: 0.4923 - val_acc: 0.8280
loss: 0.6830 - acc: 0.5487 - val_loss: 0.7507 - val_acc: 0.1549
loss: 0.6784 - acc: 0.5535 - val_loss: 0.8302 - val_acc: 0.1435
loss: 0.6767 - acc: 0.5583 - val_loss: 0.7234 - val_acc: 0.3645
loss: 0.6679 - acc: 0.5851 - val_loss: 0.6218 - val_acc: 0.7756
=== Fine tuning ===
loss: 0.7124 - acc: 0.5357 - val_loss: 0.8563 - val_acc: 0.1745
loss: 0.6844 - acc: 0.5612 - val_loss: 0.5970 - val_acc: 0.7850
loss: 0.6805 - acc: 0.5682 - val_loss: 0.6795 - val_acc: 0.5576
loss: 0.6827 - acc: 0.5597 - val_loss: 0.6225 - val_acc: 0.6885
loss: 0.7018 - acc: 0.5349 - val_loss: 0.7032 - val_acc: 0.5483
loss: 0.6822 - acc: 0.5682 - val_loss: 0.6503 - val_acc: 0.6231
128,3,256,5,5,1536,500,300 --- relu
=== Held out: 1 ===
=== General training ===
loss: 0.7030 - acc: 0.5607 - val_loss: 0.7501 - val_acc: 0.4152
loss: 0.6905 - acc: 0.5624 - val_loss: 0.5423 - val_acc: 0.8460
loss: 0.6742 - acc: 0.5736 - val_loss: 0.8090 - val_acc: 0.2388
loss: 0.6833 - acc: 0.5622 - val_loss: 0.6422 - val_acc: 0.7739
loss: 0.6729 - acc: 0.5780 - val_loss: 0.6112 - val_acc: 0.7953
loss: 0.6778 - acc: 0.5665 - val_loss: 0.6077 - val_acc: 0.8129
=== Fine tuning ===
loss: 0.6704 - acc: 0.5706 - val_loss: 0.7816 - val_acc: 0.2601
loss: 0.6759 - acc: 0.5749 - val_loss: 0.6638 - val_acc: 0.7168
loss: 0.6547 - acc: 0.5908 - val_loss: 0.6055 - val_acc: 0.8092
loss: 0.6596 - acc: 0.5893 - val_loss: 0.5568 - val_acc: 0.8382
loss: 0.6529 - acc: 0.5922 - val_loss: 0.4861 - val_acc: 0.8555
loss: 0.6706 - acc: 0.5548 - val_loss: 0.5994 - val_acc: 0.8092
loss: 0.6448 - acc: 0.6167 - val_loss: 0.6702 - val_acc: 0.6301
loss: 0.6451 - acc: 0.6239 - val_loss: 0.7260 - val_acc: 0.5607
loss: 0.6375 - acc: 0.6095 - val_loss: 0.6159 - val_acc: 0.7168
=== Held out: 2 ===
=== General training ===
loss: 0.7087 - acc: 0.5313 - val_loss: 0.7682 - val_acc: 0.1624
loss: 0.7011 - acc: 0.5099 - val_loss: 0.7609 - val_acc: 0.1763
loss: 0.6928 - acc: 0.5324 - val_loss: 0.6667 - val_acc: 0.7938
loss: 0.6920 - acc: 0.5327 - val_loss: 0.7066 - val_acc: 0.3205
loss: 0.6850 - acc: 0.5549 - val_loss: 0.7300 - val_acc: 0.2895
loss: 0.6850 - acc: 0.5351 - val_loss: 0.6497 - val_acc: 0.7404
loss: 0.6855 - acc: 0.5535 - val_loss: 0.7150 - val_acc: 0.4295
loss: 0.6819 - acc: 0.5604 - val_loss: 0.6193 - val_acc: 0.8130
loss: 0.6856 - acc: 0.5544 - val_loss: 0.5857 - val_acc: 0.8333
loss: 0.6874 - acc: 0.5382 - val_loss: 0.6372 - val_acc: 0.8344
loss: 0.6869 - acc: 0.5340 - val_loss: 0.6607 - val_acc: 0.8109
loss: 0.6796 - acc: 0.5538 - val_loss: 0.6597 - val_acc: 0.7959
loss: 0.6775 - acc: 0.5634 - val_loss: 0.6084 - val_acc: 0.7959
=== Fine tuning ===
loss: 0.6632 - acc: 0.6007 - val_loss: 0.5706 - val_acc: 0.8289
loss: 0.6262 - acc: 0.6506 - val_loss: 0.5725 - val_acc: 0.7414
loss: 0.6088 - acc: 0.6661 - val_loss: 0.7252 - val_acc: 0.5475
loss: 0.6043 - acc: 0.6850 - val_loss: 0.6672 - val_acc: 0.5970
loss: 0.5907 - acc: 0.6945 - val_loss: 0.5106 - val_acc: 0.8061
loss: 0.5860 - acc: 0.6807 - val_loss: 0.5646 - val_acc: 0.6996
loss: 0.5740 - acc: 0.7014 - val_loss: 0.7859 - val_acc: 0.4753
loss: 0.5633 - acc: 0.7169 - val_loss: 0.5377 - val_acc: 0.7757
loss: 0.5707 - acc: 0.7014 - val_loss: 0.5065 - val_acc: 0.7871
loss: 0.5514 - acc: 0.7229 - val_loss: 0.5818 - val_acc: 0.7567
loss: 0.5415 - acc: 0.7220 - val_loss: 0.4512 - val_acc: 0.8479
loss: 0.5503 - acc: 0.7194 - val_loss: 0.6310 - val_acc: 0.6882
loss: 0.5204 - acc: 0.7573 - val_loss: 0.5167 - val_acc: 0.7795
loss: 0.5407 - acc: 0.7289 - val_loss: 0.4891 - val_acc: 0.8631
loss: 0.5451 - acc: 0.7306 - val_loss: 0.3553 - val_acc: 0.8783
loss: 0.5098 - acc: 0.7582 - val_loss: 0.4248 - val_acc: 0.8441
loss: 0.5224 - acc: 0.7410 - val_loss: 0.4255 - val_acc: 0.8517
loss: 0.4989 - acc: 0.7745 - val_loss: 0.4356 - val_acc: 0.8403
loss: 0.4858 - acc: 0.7806 - val_loss: 0.3849 - val_acc: 0.8441
=== Held out: 3 ===
=== General training ===
loss: 0.7167 - acc: 0.5328 - val_loss: 0.7771 - val_acc: 0.1349
loss: 0.6967 - acc: 0.5319 - val_loss: 0.6081 - val_acc: 0.8704
loss: 0.6933 - acc: 0.5312 - val_loss: 0.5797 - val_acc: 0.8783
loss: 0.6896 - acc: 0.5437 - val_loss: 0.5878 - val_acc: 0.8757
loss: 0.6860 - acc: 0.5360 - val_loss: 0.7130 - val_acc: 0.4008
loss: 0.6818 - acc: 0.5491 - val_loss: 0.5814 - val_acc: 0.8624
loss: 0.6894 - acc: 0.5309 - val_loss: 0.6003 - val_acc: 0.8730
=== Fine tuning ===
loss: 0.6842 - acc: 0.5465 - val_loss: 0.7884 - val_acc: 0.2230
loss: 0.6879 - acc: 0.5381 - val_loss: 0.6782 - val_acc: 0.6892
loss: 0.6694 - acc: 0.5828 - val_loss: 0.6198 - val_acc: 0.7027
loss: 0.6758 - acc: 0.5644 - val_loss: 0.5530 - val_acc: 0.8063
loss: 0.6832 - acc: 0.5501 - val_loss: 0.7362 - val_acc: 0.3919
loss: 0.6819 - acc: 0.5787 - val_loss: 0.7452 - val_acc: 0.3356
loss: 0.6831 - acc: 0.5632 - val_loss: 0.7118 - val_acc: 0.4550
loss: 0.6833 - acc: 0.5608 - val_loss: 0.6621 - val_acc: 0.6509
=== Held out: 4 ===
=== General training ===
loss: 0.7130 - acc: 0.5372 - val_loss: 0.6522 - val_acc: 0.7528
loss: 0.6946 - acc: 0.5482 - val_loss: 0.7185 - val_acc: 0.3223
loss: 0.6841 - acc: 0.5440 - val_loss: 0.6698 - val_acc: 0.6800
loss: 0.6889 - acc: 0.5338 - val_loss: 0.7150 - val_acc: 0.3713
loss: 0.6832 - acc: 0.5380 - val_loss: 0.6929 - val_acc: 0.5421
=== Fine tuning ===
loss: 0.6775 - acc: 0.5735 - val_loss: 0.7032 - val_acc: 0.5296
loss: 0.6811 - acc: 0.5805 - val_loss: 0.9103 - val_acc: 0.1713
loss: 0.6889 - acc: 0.5557 - val_loss: 0.7114 - val_acc: 0.5514
loss: 0.6710 - acc: 0.5851 - val_loss: 0.6710 - val_acc: 0.5639
loss: 0.6750 - acc: 0.5836 - val_loss: 0.7155 - val_acc: 0.5234
loss: 0.6798 - acc: 0.5635 - val_loss: 0.6471 - val_acc: 0.6511
loss: 0.6656 - acc: 0.6060 - val_loss: 0.6355 - val_acc: 0.7445
loss: 0.6760 - acc: 0.5534 - val_loss: 0.6355 - val_acc: 0.7539
loss: 0.6741 - acc: 0.5805 - val_loss: 0.6396 - val_acc: 0.6791
loss: 0.6808 - acc: 0.5557 - val_loss: 0.6799 - val_acc: 0.5234
loss: 0.6722 - acc: 0.5697 - val_loss: 0.6754 - val_acc: 0.5483
loss: 0.6638 - acc: 0.5967 - val_loss: 0.6452 - val_acc: 0.6947
