Traceback (most recent call last):
  File "conv_lstm.py", line 1, in <module>
    import prepare_data as data
  File "/home_backup/tiagohca/medical/src/prepare_data.py", line 2, in <module>
    import numpy as np
  File "/home_backup/tiagohca/anaconda3/lib/python3.6/site-packages/numpy/__init__.py", line 146, in <module>
    from . import add_newdocs
  File "/home_backup/tiagohca/anaconda3/lib/python3.6/site-packages/numpy/add_newdocs.py", line 13, in <module>
    from numpy.lib import add_newdoc
  File "/home_backup/tiagohca/anaconda3/lib/python3.6/site-packages/numpy/lib/__init__.py", line 8, in <module>
    from .type_check import *
  File "/home_backup/tiagohca/anaconda3/lib/python3.6/site-packages/numpy/lib/type_check.py", line 11, in <module>
    import numpy.core.numeric as _nx
  File "/home_backup/tiagohca/anaconda3/lib/python3.6/site-packages/numpy/core/__init__.py", line 22, in <module>
    from . import _internal  # for freeze programs
  File "/home_backup/tiagohca/anaconda3/lib/python3.6/site-packages/numpy/core/_internal.py", line 9, in <module>
    import re
  File "/home_backup/tiagohca/anaconda3/lib/python3.6/re.py", line 122, in <module>
    import enum
  File "/home_backup/tiagohca/anaconda3/lib/python3.6/enum.py", line 2, in <module>
    from types import MappingProxyType, DynamicClassAttribute
  File "<frozen importlib._bootstrap>", line 961, in _find_and_load
  File "<frozen importlib._bootstrap>", line 950, in _find_and_load_unlocked
  File "<frozen importlib._bootstrap>", line 655, in _load_unlocked
  File "<frozen importlib._bootstrap_external>", line 674, in exec_module
  File "<frozen importlib._bootstrap_external>", line 764, in get_code
  File "<frozen importlib._bootstrap_external>", line 833, in get_data
KeyboardInterrupt
