This is pdfTeX, Version 3.14159265-2.6-1.40.16 (TeX Live 2015/Debian) (preloaded format=latex 2017.6.24)  10 SEP 2017 01:55
entering extended mode
 restricted \write18 enabled.
 %&-line parsing enabled.
**paper
(./x
LaTeX2e <2016/02/01>
Babel <3.9q> and hyphenation patterns for 81 language(s) loaded.

! LaTeX Error: Missing \begin{document}.

See the LaTeX manual or LaTeX Companion for explanation.
Type  H <return>  for immediate help.
 ...                                              
                                                  
l.1 A
     lbumin	ALP	ALT	AST	Bilirubin	BUN	Cholesterol	Creatinine	DiasABP	FiO2	GC...

? x
 
Here is how much of TeX's memory you used:
 7 strings out of 493030
 240 string characters out of 6136260
 53066 words of memory out of 5000000
 3641 multiletter control sequences out of 15000+600000
 3640 words of font info for 14 fonts, out of 8000000 for 9000
 1141 hyphenation exceptions out of 8191
 5i,0n,4p,244b,14s stack positions out of 5000i,500n,10000p,200000b,80000s
No pages of output.
